This file contains any messages produced by compilers while
running configure, to aid debugging if configure makes a mistake.

It was created by configure, which was
generated by GNU Autoconf 2.69.  Invocation command line was

  $ ./configure --prefix=/home/gempak/GEMPAK7/os/linux64 --disable-shared --without-debug --without-debugger --with-libxml-prefix=/home/gempak/GEMPAK7/os/linux64 CC=gcc

## --------- ##
## Platform. ##
## --------- ##

hostname = atlas.niu.edu
uname -m = x86_64
uname -r = 3.10.0-1062.18.1.el7.x86_64
uname -s = Linux
uname -v = #1 SMP Tue Mar 17 23:49:17 UTC 2020

/usr/bin/uname -p = x86_64
/bin/uname -X     = unknown

/bin/arch              = x86_64
/usr/bin/arch -k       = unknown
/usr/convex/getsysinfo = unknown
/usr/bin/hostinfo      = unknown
/bin/machine           = unknown
/usr/bin/oslevel       = unknown
/bin/universe          = unknown

PATH: /home/gempak/decoders
PATH: /home/gempak/util
PATH: /home/gempak/bin
PATH: /home/vgensini/Programs/anaconda2/bin
PATH: /home/gempak/perl5/bin
PATH: /home/vgensini/Programs/anaconda3/bin
PATH: /home/vgensini/Programs/anaconda3/condabin
PATH: /home/vgensini/Programs/anaconda3/bin
PATH: /home/vgensini/Programs/grads/bin
PATH: /home/vgensini/Programs/ncl/bin
PATH: /usr/lib64/qt-3.3/bin
PATH: /home/vgensini/perl5/bin
PATH: /usr/lib64/mpich/bin
PATH: /usr/local/bin
PATH: /usr/bin
PATH: /usr/local/sbin
PATH: /usr/sbin
PATH: /home/vgensini/.local/bin
PATH: /home/vgensini/bin
PATH: /home/gempak/GEMPAK7/os/linux64/bin
PATH: /home/gempak/GEMPAK7/bin


## ----------- ##
## Core tests. ##
## ----------- ##

configure:2328: checking build system type
configure:2342: result: x86_64-unknown-linux-gnu
configure:2362: checking host system type
configure:2375: result: x86_64-unknown-linux-gnu
configure:2443: checking for gcc
configure:2470: result: gcc
configure:2699: checking for C compiler version
configure:2708: gcc --version >&5
gcc (GCC) 4.8.5 20150623 (Red Hat 4.8.5-44)
Copyright (C) 2015 Free Software Foundation, Inc.
This is free software; see the source for copying conditions.  There is NO
warranty; not even for MERCHANTABILITY or FITNESS FOR A PARTICULAR PURPOSE.

configure:2719: $? = 0
configure:2708: gcc -v >&5
Using built-in specs.
COLLECT_GCC=gcc
COLLECT_LTO_WRAPPER=/usr/libexec/gcc/x86_64-redhat-linux/4.8.5/lto-wrapper
Target: x86_64-redhat-linux
Configured with: ../configure --prefix=/usr --mandir=/usr/share/man --infodir=/usr/share/info --with-bugurl=http://bugzilla.redhat.com/bugzilla --enable-bootstrap --enable-shared --enable-threads=posix --enable-checking=release --with-system-zlib --enable-__cxa_atexit --disable-libunwind-exceptions --enable-gnu-unique-object --enable-linker-build-id --with-linker-hash-style=gnu --enable-languages=c,c++,objc,obj-c++,java,fortran,ada,go,lto --enable-plugin --enable-initfini-array --disable-libgcj --with-isl=/builddir/build/BUILD/gcc-4.8.5-20150702/obj-x86_64-redhat-linux/isl-install --with-cloog=/builddir/build/BUILD/gcc-4.8.5-20150702/obj-x86_64-redhat-linux/cloog-install --enable-gnu-indirect-function --with-tune=generic --with-arch_32=x86-64 --build=x86_64-redhat-linux
Thread model: posix
gcc version 4.8.5 20150623 (Red Hat 4.8.5-44) (GCC) 
configure:2719: $? = 0
configure:2708: gcc -V >&5
gcc: error: unrecognized command line option '-V'
gcc: fatal error: no input files
compilation terminated.
configure:2719: $? = 4
configure:2708: gcc -qversion >&5
gcc: error: unrecognized command line option '-qversion'
gcc: fatal error: no input files
compilation terminated.
configure:2719: $? = 4
configure:2739: checking whether the C compiler works
configure:2761: gcc    conftest.c  >&5
configure:2765: $? = 0
configure:2813: result: yes
configure:2816: checking for C compiler default output file name
configure:2818: result: a.out
configure:2824: checking for suffix of executables
configure:2831: gcc -o conftest    conftest.c  >&5
configure:2835: $? = 0
configure:2857: result: 
configure:2879: checking whether we are cross compiling
configure:2887: gcc -o conftest    conftest.c  >&5
configure:2891: $? = 0
configure:2898: ./conftest
configure:2902: $? = 0
configure:2917: result: no
configure:2922: checking for suffix of object files
configure:2944: gcc -c   conftest.c >&5
configure:2948: $? = 0
configure:2969: result: o
configure:2973: checking whether we are using the GNU C compiler
configure:2992: gcc -c   conftest.c >&5
configure:2992: $? = 0
configure:3001: result: yes
configure:3010: checking whether gcc accepts -g
configure:3030: gcc -c -g  conftest.c >&5
configure:3030: $? = 0
configure:3071: result: yes
configure:3088: checking for gcc option to accept ISO C89
configure:3151: gcc  -c -g -O2  conftest.c >&5
configure:3151: $? = 0
configure:3164: result: none needed
configure:3190: checking how to run the C preprocessor
configure:3221: gcc -E  conftest.c
configure:3221: $? = 0
configure:3235: gcc -E  conftest.c
conftest.c:9:28: fatal error: ac_nonexistent.h: No such file or directory
 #include <ac_nonexistent.h>
                            ^
compilation terminated.
configure:3235: $? = 1
configure: failed program was:
| /* confdefs.h */
| #define PACKAGE_NAME ""
| #define PACKAGE_TARNAME ""
| #define PACKAGE_VERSION ""
| #define PACKAGE_STRING ""
| #define PACKAGE_BUGREPORT ""
| #define PACKAGE_URL ""
| /* end confdefs.h.  */
| #include <ac_nonexistent.h>
configure:3260: result: gcc -E
configure:3280: gcc -E  conftest.c
configure:3280: $? = 0
configure:3294: gcc -E  conftest.c
conftest.c:9:28: fatal error: ac_nonexistent.h: No such file or directory
 #include <ac_nonexistent.h>
                            ^
compilation terminated.
configure:3294: $? = 1
configure: failed program was:
| /* confdefs.h */
| #define PACKAGE_NAME ""
| #define PACKAGE_TARNAME ""
| #define PACKAGE_VERSION ""
| #define PACKAGE_STRING ""
| #define PACKAGE_BUGREPORT ""
| #define PACKAGE_URL ""
| /* end confdefs.h.  */
| #include <ac_nonexistent.h>
configure:3323: checking for grep that handles long lines and -e
configure:3381: result: /usr/bin/grep
configure:3386: checking for egrep
configure:3448: result: /usr/bin/grep -E
configure:3453: checking for ANSI C header files
configure:3473: gcc -c -g -O2  conftest.c >&5
configure:3473: $? = 0
configure:3546: gcc -o conftest -g -O2   conftest.c  >&5
configure:3546: $? = 0
configure:3546: ./conftest
configure:3546: $? = 0
configure:3557: result: yes
configure:3570: checking for sys/types.h
configure:3570: gcc -c -g -O2  conftest.c >&5
configure:3570: $? = 0
configure:3570: result: yes
configure:3570: checking for sys/stat.h
configure:3570: gcc -c -g -O2  conftest.c >&5
configure:3570: $? = 0
configure:3570: result: yes
configure:3570: checking for stdlib.h
configure:3570: gcc -c -g -O2  conftest.c >&5
configure:3570: $? = 0
configure:3570: result: yes
configure:3570: checking for string.h
configure:3570: gcc -c -g -O2  conftest.c >&5
configure:3570: $? = 0
configure:3570: result: yes
configure:3570: checking for memory.h
configure:3570: gcc -c -g -O2  conftest.c >&5
configure:3570: $? = 0
configure:3570: result: yes
configure:3570: checking for strings.h
configure:3570: gcc -c -g -O2  conftest.c >&5
configure:3570: $? = 0
configure:3570: result: yes
configure:3570: checking for inttypes.h
configure:3570: gcc -c -g -O2  conftest.c >&5
configure:3570: $? = 0
configure:3570: result: yes
configure:3570: checking for stdint.h
configure:3570: gcc -c -g -O2  conftest.c >&5
configure:3570: $? = 0
configure:3570: result: yes
configure:3570: checking for unistd.h
configure:3570: gcc -c -g -O2  conftest.c >&5
configure:3570: $? = 0
configure:3570: result: yes
configure:3583: checking minix/config.h usability
configure:3583: gcc -c -g -O2  conftest.c >&5
conftest.c:52:26: fatal error: minix/config.h: No such file or directory
 #include <minix/config.h>
                          ^
compilation terminated.
configure:3583: $? = 1
configure: failed program was:
| /* confdefs.h */
| #define PACKAGE_NAME ""
| #define PACKAGE_TARNAME ""
| #define PACKAGE_VERSION ""
| #define PACKAGE_STRING ""
| #define PACKAGE_BUGREPORT ""
| #define PACKAGE_URL ""
| #define STDC_HEADERS 1
| #define HAVE_SYS_TYPES_H 1
| #define HAVE_SYS_STAT_H 1
| #define HAVE_STDLIB_H 1
| #define HAVE_STRING_H 1
| #define HAVE_MEMORY_H 1
| #define HAVE_STRINGS_H 1
| #define HAVE_INTTYPES_H 1
| #define HAVE_STDINT_H 1
| #define HAVE_UNISTD_H 1
| /* end confdefs.h.  */
| #include <stdio.h>
| #ifdef HAVE_SYS_TYPES_H
| # include <sys/types.h>
| #endif
| #ifdef HAVE_SYS_STAT_H
| # include <sys/stat.h>
| #endif
| #ifdef STDC_HEADERS
| # include <stdlib.h>
| # include <stddef.h>
| #else
| # ifdef HAVE_STDLIB_H
| #  include <stdlib.h>
| # endif
| #endif
| #ifdef HAVE_STRING_H
| # if !defined STDC_HEADERS && defined HAVE_MEMORY_H
| #  include <memory.h>
| # endif
| # include <string.h>
| #endif
| #ifdef HAVE_STRINGS_H
| # include <strings.h>
| #endif
| #ifdef HAVE_INTTYPES_H
| # include <inttypes.h>
| #endif
| #ifdef HAVE_STDINT_H
| # include <stdint.h>
| #endif
| #ifdef HAVE_UNISTD_H
| # include <unistd.h>
| #endif
| #include <minix/config.h>
configure:3583: result: no
configure:3583: checking minix/config.h presence
configure:3583: gcc -E  conftest.c
conftest.c:19:26: fatal error: minix/config.h: No such file or directory
 #include <minix/config.h>
                          ^
compilation terminated.
configure:3583: $? = 1
configure: failed program was:
| /* confdefs.h */
| #define PACKAGE_NAME ""
| #define PACKAGE_TARNAME ""
| #define PACKAGE_VERSION ""
| #define PACKAGE_STRING ""
| #define PACKAGE_BUGREPORT ""
| #define PACKAGE_URL ""
| #define STDC_HEADERS 1
| #define HAVE_SYS_TYPES_H 1
| #define HAVE_SYS_STAT_H 1
| #define HAVE_STDLIB_H 1
| #define HAVE_STRING_H 1
| #define HAVE_MEMORY_H 1
| #define HAVE_STRINGS_H 1
| #define HAVE_INTTYPES_H 1
| #define HAVE_STDINT_H 1
| #define HAVE_UNISTD_H 1
| /* end confdefs.h.  */
| #include <minix/config.h>
configure:3583: result: no
configure:3583: checking for minix/config.h
configure:3583: result: no
configure:3604: checking whether it is safe to define __EXTENSIONS__
configure:3622: gcc -c -g -O2  conftest.c >&5
configure:3622: $? = 0
configure:3629: result: yes
configure:3730: checking for a BSD-compatible install
configure:3798: result: /usr/bin/install -c
configure:3809: checking whether build environment is sane
configure:3864: result: yes
configure:4015: checking for a thread-safe mkdir -p
configure:4054: result: /usr/bin/mkdir -p
configure:4061: checking for gawk
configure:4077: found /usr/bin/gawk
configure:4088: result: gawk
configure:4099: checking whether make sets $(MAKE)
configure:4121: result: yes
configure:4151: checking for style of include used by make
configure:4179: result: GNU
configure:4213: checking whether make supports nested variables
configure:4230: result: yes
configure:4316: checking dependency style of gcc
configure:4427: result: gcc3
configure:4460: checking whether make supports nested variables
configure:4477: result: yes
configure:4559: checking for gcc
configure:4586: result: gcc
configure:4815: checking for C compiler version
configure:4824: gcc --version >&5
gcc (GCC) 4.8.5 20150623 (Red Hat 4.8.5-44)
Copyright (C) 2015 Free Software Foundation, Inc.
This is free software; see the source for copying conditions.  There is NO
warranty; not even for MERCHANTABILITY or FITNESS FOR A PARTICULAR PURPOSE.

configure:4835: $? = 0
configure:4824: gcc -v >&5
Using built-in specs.
COLLECT_GCC=gcc
COLLECT_LTO_WRAPPER=/usr/libexec/gcc/x86_64-redhat-linux/4.8.5/lto-wrapper
Target: x86_64-redhat-linux
Configured with: ../configure --prefix=/usr --mandir=/usr/share/man --infodir=/usr/share/info --with-bugurl=http://bugzilla.redhat.com/bugzilla --enable-bootstrap --enable-shared --enable-threads=posix --enable-checking=release --with-system-zlib --enable-__cxa_atexit --disable-libunwind-exceptions --enable-gnu-unique-object --enable-linker-build-id --with-linker-hash-style=gnu --enable-languages=c,c++,objc,obj-c++,java,fortran,ada,go,lto --enable-plugin --enable-initfini-array --disable-libgcj --with-isl=/builddir/build/BUILD/gcc-4.8.5-20150702/obj-x86_64-redhat-linux/isl-install --with-cloog=/builddir/build/BUILD/gcc-4.8.5-20150702/obj-x86_64-redhat-linux/cloog-install --enable-gnu-indirect-function --with-tune=generic --with-arch_32=x86-64 --build=x86_64-redhat-linux
Thread model: posix
gcc version 4.8.5 20150623 (Red Hat 4.8.5-44) (GCC) 
configure:4835: $? = 0
configure:4824: gcc -V >&5
gcc: error: unrecognized command line option '-V'
gcc: fatal error: no input files
compilation terminated.
configure:4835: $? = 4
configure:4824: gcc -qversion >&5
gcc: error: unrecognized command line option '-qversion'
gcc: fatal error: no input files
compilation terminated.
configure:4835: $? = 4
configure:4839: checking whether we are using the GNU C compiler
configure:4867: result: yes
configure:4876: checking whether gcc accepts -g
configure:4937: result: yes
configure:4954: checking for gcc option to accept ISO C89
configure:5030: result: none needed
configure:5056: checking how to run the C preprocessor
configure:5126: result: gcc -E
configure:5146: gcc -E  conftest.c
configure:5146: $? = 0
configure:5160: gcc -E  conftest.c
conftest.c:26:28: fatal error: ac_nonexistent.h: No such file or directory
 #include <ac_nonexistent.h>
                            ^
compilation terminated.
configure:5160: $? = 1
configure: failed program was:
| /* confdefs.h */
| #define PACKAGE_NAME ""
| #define PACKAGE_TARNAME ""
| #define PACKAGE_VERSION ""
| #define PACKAGE_STRING ""
| #define PACKAGE_BUGREPORT ""
| #define PACKAGE_URL ""
| #define STDC_HEADERS 1
| #define HAVE_SYS_TYPES_H 1
| #define HAVE_SYS_STAT_H 1
| #define HAVE_STDLIB_H 1
| #define HAVE_STRING_H 1
| #define HAVE_MEMORY_H 1
| #define HAVE_STRINGS_H 1
| #define HAVE_INTTYPES_H 1
| #define HAVE_STDINT_H 1
| #define HAVE_UNISTD_H 1
| #define __EXTENSIONS__ 1
| #define _ALL_SOURCE 1
| #define _GNU_SOURCE 1
| #define _POSIX_PTHREAD_SEMANTICS 1
| #define _TANDEM_SOURCE 1
| #define PACKAGE "libxslt"
| #define VERSION "1.1.29"
| /* end confdefs.h.  */
| #include <ac_nonexistent.h>
configure:5190: checking for rm
configure:5208: found /usr/bin/rm
configure:5221: result: /usr/bin/rm
configure:5231: checking for mv
configure:5249: found /usr/bin/mv
configure:5262: result: /usr/bin/mv
configure:5272: checking for tar
configure:5290: found /usr/bin/tar
configure:5303: result: /usr/bin/tar
configure:5313: checking for xmllint
configure:5331: found /home/vgensini/Programs/anaconda2/bin/xmllint
configure:5344: result: /home/vgensini/Programs/anaconda2/bin/xmllint
configure:5354: checking for xsltproc
configure:5372: found /home/vgensini/Programs/anaconda2/bin/xsltproc
configure:5385: result: /home/vgensini/Programs/anaconda2/bin/xsltproc
configure:5394: checking for ANSI C header files
configure:5498: result: yes
configure:5553: checking how to print strings
configure:5580: result: printf
configure:5601: checking for a sed that does not truncate output
configure:5665: result: /usr/bin/sed
configure:5683: checking for fgrep
configure:5745: result: /usr/bin/grep -F
configure:5780: checking for ld used by gcc
configure:5847: result: /usr/bin/ld
configure:5854: checking if the linker (/usr/bin/ld) is GNU ld
configure:5869: result: yes
configure:5881: checking for BSD- or MS-compatible name lister (nm)
configure:5930: result: /usr/bin/nm -B
configure:6060: checking the name lister (/usr/bin/nm -B) interface
configure:6067: gcc -c -g -O2  conftest.c >&5
configure:6070: /usr/bin/nm -B "conftest.o"
configure:6073: output
0000000000000000 B some_variable
configure:6080: result: BSD nm
configure:6083: checking whether ln -s works
configure:6087: result: yes
configure:6095: checking the maximum length of command line arguments
configure:6225: result: 1572864
configure:6242: checking whether the shell understands some XSI constructs
configure:6252: result: yes
configure:6256: checking whether the shell understands "+="
configure:6262: result: yes
configure:6297: checking how to convert x86_64-unknown-linux-gnu file names to x86_64-unknown-linux-gnu format
configure:6337: result: func_convert_file_noop
configure:6344: checking how to convert x86_64-unknown-linux-gnu file names to toolchain format
configure:6364: result: func_convert_file_noop
configure:6371: checking for /usr/bin/ld option to reload object files
configure:6378: result: -r
configure:6452: checking for objdump
configure:6468: found /usr/bin/objdump
configure:6479: result: objdump
configure:6508: checking how to recognize dependent libraries
configure:6710: result: pass_all
configure:6795: checking for dlltool
configure:6825: result: no
configure:6852: checking how to associate runtime and link libraries
configure:6879: result: printf %s\n
configure:6939: checking for ar
configure:6955: found /usr/bin/ar
configure:6966: result: ar
configure:7003: checking for archiver @FILE support
configure:7020: gcc -c -g -O2  conftest.c >&5
configure:7020: $? = 0
configure:7023: ar cru libconftest.a @conftest.lst >&5
configure:7026: $? = 0
configure:7031: ar cru libconftest.a @conftest.lst >&5
ar: conftest.o: No such file or directory
configure:7034: $? = 1
configure:7046: result: @
configure:7104: checking for strip
configure:7120: found /usr/bin/strip
configure:7131: result: strip
configure:7203: checking for ranlib
configure:7219: found /usr/bin/ranlib
configure:7230: result: ranlib
configure:7332: checking command to parse /usr/bin/nm -B output from gcc object
configure:7452: gcc -c -g -O2  conftest.c >&5
configure:7455: $? = 0
configure:7459: /usr/bin/nm -B conftest.o \| sed -n -e 's/^.*[ ]\([ABCDGIRSTW][ABCDGIRSTW]*\)[ ][ ]*\([_A-Za-z][_A-Za-z0-9]*\)$/\1 \2 \2/p' | sed '/ __gnu_lto/d' \> conftest.nm
configure:7462: $? = 0
configure:7528: gcc -o conftest -g -O2   conftest.c conftstm.o >&5
configure:7531: $? = 0
configure:7569: result: ok
configure:7606: checking for sysroot
configure:7636: result: no
configure:7713: gcc -c -g -O2  conftest.c >&5
configure:7716: $? = 0
configure:7892: checking for mt
configure:7922: result: no
configure:7942: checking if : is a manifest tool
configure:7948: : '-?'
configure:7956: result: no
configure:8595: checking for dlfcn.h
configure:8595: gcc -c -g -O2  conftest.c >&5
configure:8595: $? = 0
configure:8595: result: yes
configure:9099: checking for objdir
configure:9114: result: .libs
configure:9381: checking if gcc supports -fno-rtti -fno-exceptions
configure:9399: gcc -c -g -O2  -fno-rtti -fno-exceptions conftest.c >&5
cc1: warning: command line option '-fno-rtti' is valid for C++/ObjC++ but not for C [enabled by default]
configure:9403: $? = 0
configure:9416: result: no
configure:9743: checking for gcc option to produce PIC
configure:9750: result: -fPIC -DPIC
configure:9758: checking if gcc PIC flag -fPIC -DPIC works
configure:9776: gcc -c -g -O2  -fPIC -DPIC -DPIC conftest.c >&5
configure:9780: $? = 0
configure:9793: result: yes
configure:9822: checking if gcc static flag -static works
configure:9850: result: no
configure:9865: checking if gcc supports -c -o file.o
configure:9886: gcc -c -g -O2  -o out/conftest2.o conftest.c >&5
configure:9890: $? = 0
configure:9912: result: yes
configure:9920: checking if gcc supports -c -o file.o
configure:9967: result: yes
configure:10000: checking whether the gcc linker (/usr/bin/ld -m elf_x86_64) supports shared libraries
configure:11153: result: yes
configure:11393: checking dynamic linker characteristics
configure:11904: gcc -o conftest -g -O2   -Wl,-rpath -Wl,/foo conftest.c  >&5
configure:11904: $? = 0
configure:12130: result: GNU/Linux ld.so
configure:12237: checking how to hardcode library paths into programs
configure:12262: result: immediate
configure:12802: checking whether stripping libraries is possible
configure:12807: result: yes
configure:12842: checking if libtool supports shared libraries
configure:12844: result: yes
configure:12847: checking whether to build shared libraries
configure:12868: result: no
configure:12871: checking whether to build static libraries
configure:12875: result: yes
configure:12917: checking for sys/types.h
configure:12917: result: yes
configure:12917: checking sys/time.h usability
configure:12917: gcc -c -g -O2  conftest.c >&5
configure:12917: $? = 0
configure:12917: result: yes
configure:12917: checking sys/time.h presence
configure:12917: gcc -E  conftest.c
configure:12917: $? = 0
configure:12917: result: yes
configure:12917: checking for sys/time.h
configure:12917: result: yes
configure:12917: checking for stdlib.h
configure:12917: result: yes
configure:12917: checking for unistd.h
configure:12917: result: yes
configure:12917: checking for string.h
configure:12917: result: yes
configure:12928: checking how to pass version script to the linker (/usr/bin/ld -m elf_x86_64)
configure:12936: result: -Wl,--version-script=
configure:12952: checking pthread.h usability
configure:12952: gcc -c -g -O2  conftest.c >&5
configure:12952: $? = 0
configure:12952: result: yes
configure:12952: checking pthread.h presence
configure:12952: gcc -E  conftest.c
configure:12952: $? = 0
configure:12952: result: yes
configure:12952: checking for pthread.h
configure:12952: result: yes
configure:12954: checking for pthread_join in -lpthread
configure:12979: gcc -o conftest -g -O2   conftest.c -lpthread   >&5
configure:12979: $? = 0
configure:12988: result: yes
configure:13016: checking locale.h usability
configure:13016: gcc -c -g -O2  conftest.c >&5
configure:13016: $? = 0
configure:13016: result: yes
configure:13016: checking locale.h presence
configure:13016: gcc -E  conftest.c
configure:13016: $? = 0
configure:13016: result: yes
configure:13016: checking for locale.h
configure:13016: result: yes
configure:13016: checking xlocale.h usability
configure:13016: gcc -c -g -O2  conftest.c >&5
configure:13016: $? = 0
configure:13016: result: yes
configure:13016: checking xlocale.h presence
configure:13016: gcc -E  conftest.c
configure:13016: $? = 0
configure:13016: result: yes
configure:13016: checking for xlocale.h
configure:13016: result: yes
configure:13027: checking if xlocale program link
configure:13085: gcc -o conftest -g -O2   conftest.c  >&5
configure:13085: $? = 0
configure:13086: result: yes
configure:13111: checking ieeefp.h usability
configure:13111: gcc -c -g -O2  conftest.c >&5
conftest.c:71:20: fatal error: ieeefp.h: No such file or directory
 #include <ieeefp.h>
                    ^
compilation terminated.
configure:13111: $? = 1
configure: failed program was:
| /* confdefs.h */
| #define PACKAGE_NAME ""
| #define PACKAGE_TARNAME ""
| #define PACKAGE_VERSION ""
| #define PACKAGE_STRING ""
| #define PACKAGE_BUGREPORT ""
| #define PACKAGE_URL ""
| #define STDC_HEADERS 1
| #define HAVE_SYS_TYPES_H 1
| #define HAVE_SYS_STAT_H 1
| #define HAVE_STDLIB_H 1
| #define HAVE_STRING_H 1
| #define HAVE_MEMORY_H 1
| #define HAVE_STRINGS_H 1
| #define HAVE_INTTYPES_H 1
| #define HAVE_STDINT_H 1
| #define HAVE_UNISTD_H 1
| #define __EXTENSIONS__ 1
| #define _ALL_SOURCE 1
| #define _GNU_SOURCE 1
| #define _POSIX_PTHREAD_SEMANTICS 1
| #define _TANDEM_SOURCE 1
| #define PACKAGE "libxslt"
| #define VERSION "1.1.29"
| #define STDC_HEADERS 1
| #define HAVE_DLFCN_H 1
| #define LT_OBJDIR ".libs/"
| #define HAVE_SYS_TYPES_H 1
| #define HAVE_SYS_TIME_H 1
| #define HAVE_STDLIB_H 1
| #define HAVE_UNISTD_H 1
| #define HAVE_STRING_H 1
| #define HAVE_LIBPTHREAD /**/
| #define HAVE_PTHREAD_H /**/
| #define HAVE_LOCALE_H 1
| #define HAVE_XLOCALE_H 1
| /* end confdefs.h.  */
| #include <stdio.h>
| #ifdef HAVE_SYS_TYPES_H
| # include <sys/types.h>
| #endif
| #ifdef HAVE_SYS_STAT_H
| # include <sys/stat.h>
| #endif
| #ifdef STDC_HEADERS
| # include <stdlib.h>
| # include <stddef.h>
| #else
| # ifdef HAVE_STDLIB_H
| #  include <stdlib.h>
| # endif
| #endif
| #ifdef HAVE_STRING_H
| # if !defined STDC_HEADERS && defined HAVE_MEMORY_H
| #  include <memory.h>
| # endif
| # include <string.h>
| #endif
| #ifdef HAVE_STRINGS_H
| # include <strings.h>
| #endif
| #ifdef HAVE_INTTYPES_H
| # include <inttypes.h>
| #endif
| #ifdef HAVE_STDINT_H
| # include <stdint.h>
| #endif
| #ifdef HAVE_UNISTD_H
| # include <unistd.h>
| #endif
| #include <ieeefp.h>
configure:13111: result: no
configure:13111: checking ieeefp.h presence
configure:13111: gcc -E  conftest.c
conftest.c:38:20: fatal error: ieeefp.h: No such file or directory
 #include <ieeefp.h>
                    ^
compilation terminated.
configure:13111: $? = 1
configure: failed program was:
| /* confdefs.h */
| #define PACKAGE_NAME ""
| #define PACKAGE_TARNAME ""
| #define PACKAGE_VERSION ""
| #define PACKAGE_STRING ""
| #define PACKAGE_BUGREPORT ""
| #define PACKAGE_URL ""
| #define STDC_HEADERS 1
| #define HAVE_SYS_TYPES_H 1
| #define HAVE_SYS_STAT_H 1
| #define HAVE_STDLIB_H 1
| #define HAVE_STRING_H 1
| #define HAVE_MEMORY_H 1
| #define HAVE_STRINGS_H 1
| #define HAVE_INTTYPES_H 1
| #define HAVE_STDINT_H 1
| #define HAVE_UNISTD_H 1
| #define __EXTENSIONS__ 1
| #define _ALL_SOURCE 1
| #define _GNU_SOURCE 1
| #define _POSIX_PTHREAD_SEMANTICS 1
| #define _TANDEM_SOURCE 1
| #define PACKAGE "libxslt"
| #define VERSION "1.1.29"
| #define STDC_HEADERS 1
| #define HAVE_DLFCN_H 1
| #define LT_OBJDIR ".libs/"
| #define HAVE_SYS_TYPES_H 1
| #define HAVE_SYS_TIME_H 1
| #define HAVE_STDLIB_H 1
| #define HAVE_UNISTD_H 1
| #define HAVE_STRING_H 1
| #define HAVE_LIBPTHREAD /**/
| #define HAVE_PTHREAD_H /**/
| #define HAVE_LOCALE_H 1
| #define HAVE_XLOCALE_H 1
| /* end confdefs.h.  */
| #include <ieeefp.h>
configure:13111: result: no
configure:13111: checking for ieeefp.h
configure:13111: result: no
configure:13111: checking nan.h usability
configure:13111: gcc -c -g -O2  conftest.c >&5
conftest.c:71:17: fatal error: nan.h: No such file or directory
 #include <nan.h>
                 ^
compilation terminated.
configure:13111: $? = 1
configure: failed program was:
| /* confdefs.h */
| #define PACKAGE_NAME ""
| #define PACKAGE_TARNAME ""
| #define PACKAGE_VERSION ""
| #define PACKAGE_STRING ""
| #define PACKAGE_BUGREPORT ""
| #define PACKAGE_URL ""
| #define STDC_HEADERS 1
| #define HAVE_SYS_TYPES_H 1
| #define HAVE_SYS_STAT_H 1
| #define HAVE_STDLIB_H 1
| #define HAVE_STRING_H 1
| #define HAVE_MEMORY_H 1
| #define HAVE_STRINGS_H 1
| #define HAVE_INTTYPES_H 1
| #define HAVE_STDINT_H 1
| #define HAVE_UNISTD_H 1
| #define __EXTENSIONS__ 1
| #define _ALL_SOURCE 1
| #define _GNU_SOURCE 1
| #define _POSIX_PTHREAD_SEMANTICS 1
| #define _TANDEM_SOURCE 1
| #define PACKAGE "libxslt"
| #define VERSION "1.1.29"
| #define STDC_HEADERS 1
| #define HAVE_DLFCN_H 1
| #define LT_OBJDIR ".libs/"
| #define HAVE_SYS_TYPES_H 1
| #define HAVE_SYS_TIME_H 1
| #define HAVE_STDLIB_H 1
| #define HAVE_UNISTD_H 1
| #define HAVE_STRING_H 1
| #define HAVE_LIBPTHREAD /**/
| #define HAVE_PTHREAD_H /**/
| #define HAVE_LOCALE_H 1
| #define HAVE_XLOCALE_H 1
| /* end confdefs.h.  */
| #include <stdio.h>
| #ifdef HAVE_SYS_TYPES_H
| # include <sys/types.h>
| #endif
| #ifdef HAVE_SYS_STAT_H
| # include <sys/stat.h>
| #endif
| #ifdef STDC_HEADERS
| # include <stdlib.h>
| # include <stddef.h>
| #else
| # ifdef HAVE_STDLIB_H
| #  include <stdlib.h>
| # endif
| #endif
| #ifdef HAVE_STRING_H
| # if !defined STDC_HEADERS && defined HAVE_MEMORY_H
| #  include <memory.h>
| # endif
| # include <string.h>
| #endif
| #ifdef HAVE_STRINGS_H
| # include <strings.h>
| #endif
| #ifdef HAVE_INTTYPES_H
| # include <inttypes.h>
| #endif
| #ifdef HAVE_STDINT_H
| # include <stdint.h>
| #endif
| #ifdef HAVE_UNISTD_H
| # include <unistd.h>
| #endif
| #include <nan.h>
configure:13111: result: no
configure:13111: checking nan.h presence
configure:13111: gcc -E  conftest.c
conftest.c:38:17: fatal error: nan.h: No such file or directory
 #include <nan.h>
                 ^
compilation terminated.
configure:13111: $? = 1
configure: failed program was:
| /* confdefs.h */
| #define PACKAGE_NAME ""
| #define PACKAGE_TARNAME ""
| #define PACKAGE_VERSION ""
| #define PACKAGE_STRING ""
| #define PACKAGE_BUGREPORT ""
| #define PACKAGE_URL ""
| #define STDC_HEADERS 1
| #define HAVE_SYS_TYPES_H 1
| #define HAVE_SYS_STAT_H 1
| #define HAVE_STDLIB_H 1
| #define HAVE_STRING_H 1
| #define HAVE_MEMORY_H 1
| #define HAVE_STRINGS_H 1
| #define HAVE_INTTYPES_H 1
| #define HAVE_STDINT_H 1
| #define HAVE_UNISTD_H 1
| #define __EXTENSIONS__ 1
| #define _ALL_SOURCE 1
| #define _GNU_SOURCE 1
| #define _POSIX_PTHREAD_SEMANTICS 1
| #define _TANDEM_SOURCE 1
| #define PACKAGE "libxslt"
| #define VERSION "1.1.29"
| #define STDC_HEADERS 1
| #define HAVE_DLFCN_H 1
| #define LT_OBJDIR ".libs/"
| #define HAVE_SYS_TYPES_H 1
| #define HAVE_SYS_TIME_H 1
| #define HAVE_STDLIB_H 1
| #define HAVE_UNISTD_H 1
| #define HAVE_STRING_H 1
| #define HAVE_LIBPTHREAD /**/
| #define HAVE_PTHREAD_H /**/
| #define HAVE_LOCALE_H 1
| #define HAVE_XLOCALE_H 1
| /* end confdefs.h.  */
| #include <nan.h>
configure:13111: result: no
configure:13111: checking for nan.h
configure:13111: result: no
configure:13111: checking math.h usability
configure:13111: gcc -c -g -O2  conftest.c >&5
configure:13111: $? = 0
configure:13111: result: yes
configure:13111: checking math.h presence
configure:13111: gcc -E  conftest.c
configure:13111: $? = 0
configure:13111: result: yes
configure:13111: checking for math.h
configure:13111: result: yes
configure:13111: checking fp_class.h usability
configure:13111: gcc -c -g -O2  conftest.c >&5
conftest.c:72:22: fatal error: fp_class.h: No such file or directory
 #include <fp_class.h>
                      ^
compilation terminated.
configure:13111: $? = 1
configure: failed program was:
| /* confdefs.h */
| #define PACKAGE_NAME ""
| #define PACKAGE_TARNAME ""
| #define PACKAGE_VERSION ""
| #define PACKAGE_STRING ""
| #define PACKAGE_BUGREPORT ""
| #define PACKAGE_URL ""
| #define STDC_HEADERS 1
| #define HAVE_SYS_TYPES_H 1
| #define HAVE_SYS_STAT_H 1
| #define HAVE_STDLIB_H 1
| #define HAVE_STRING_H 1
| #define HAVE_MEMORY_H 1
| #define HAVE_STRINGS_H 1
| #define HAVE_INTTYPES_H 1
| #define HAVE_STDINT_H 1
| #define HAVE_UNISTD_H 1
| #define __EXTENSIONS__ 1
| #define _ALL_SOURCE 1
| #define _GNU_SOURCE 1
| #define _POSIX_PTHREAD_SEMANTICS 1
| #define _TANDEM_SOURCE 1
| #define PACKAGE "libxslt"
| #define VERSION "1.1.29"
| #define STDC_HEADERS 1
| #define HAVE_DLFCN_H 1
| #define LT_OBJDIR ".libs/"
| #define HAVE_SYS_TYPES_H 1
| #define HAVE_SYS_TIME_H 1
| #define HAVE_STDLIB_H 1
| #define HAVE_UNISTD_H 1
| #define HAVE_STRING_H 1
| #define HAVE_LIBPTHREAD /**/
| #define HAVE_PTHREAD_H /**/
| #define HAVE_LOCALE_H 1
| #define HAVE_XLOCALE_H 1
| #define HAVE_MATH_H 1
| /* end confdefs.h.  */
| #include <stdio.h>
| #ifdef HAVE_SYS_TYPES_H
| # include <sys/types.h>
| #endif
| #ifdef HAVE_SYS_STAT_H
| # include <sys/stat.h>
| #endif
| #ifdef STDC_HEADERS
| # include <stdlib.h>
| # include <stddef.h>
| #else
| # ifdef HAVE_STDLIB_H
| #  include <stdlib.h>
| # endif
| #endif
| #ifdef HAVE_STRING_H
| # if !defined STDC_HEADERS && defined HAVE_MEMORY_H
| #  include <memory.h>
| # endif
| # include <string.h>
| #endif
| #ifdef HAVE_STRINGS_H
| # include <strings.h>
| #endif
| #ifdef HAVE_INTTYPES_H
| # include <inttypes.h>
| #endif
| #ifdef HAVE_STDINT_H
| # include <stdint.h>
| #endif
| #ifdef HAVE_UNISTD_H
| # include <unistd.h>
| #endif
| #include <fp_class.h>
configure:13111: result: no
configure:13111: checking fp_class.h presence
configure:13111: gcc -E  conftest.c
conftest.c:39:22: fatal error: fp_class.h: No such file or directory
 #include <fp_class.h>
                      ^
compilation terminated.
configure:13111: $? = 1
configure: failed program was:
| /* confdefs.h */
| #define PACKAGE_NAME ""
| #define PACKAGE_TARNAME ""
| #define PACKAGE_VERSION ""
| #define PACKAGE_STRING ""
| #define PACKAGE_BUGREPORT ""
| #define PACKAGE_URL ""
| #define STDC_HEADERS 1
| #define HAVE_SYS_TYPES_H 1
| #define HAVE_SYS_STAT_H 1
| #define HAVE_STDLIB_H 1
| #define HAVE_STRING_H 1
| #define HAVE_MEMORY_H 1
| #define HAVE_STRINGS_H 1
| #define HAVE_INTTYPES_H 1
| #define HAVE_STDINT_H 1
| #define HAVE_UNISTD_H 1
| #define __EXTENSIONS__ 1
| #define _ALL_SOURCE 1
| #define _GNU_SOURCE 1
| #define _POSIX_PTHREAD_SEMANTICS 1
| #define _TANDEM_SOURCE 1
| #define PACKAGE "libxslt"
| #define VERSION "1.1.29"
| #define STDC_HEADERS 1
| #define HAVE_DLFCN_H 1
| #define LT_OBJDIR ".libs/"
| #define HAVE_SYS_TYPES_H 1
| #define HAVE_SYS_TIME_H 1
| #define HAVE_STDLIB_H 1
| #define HAVE_UNISTD_H 1
| #define HAVE_STRING_H 1
| #define HAVE_LIBPTHREAD /**/
| #define HAVE_PTHREAD_H /**/
| #define HAVE_LOCALE_H 1
| #define HAVE_XLOCALE_H 1
| #define HAVE_MATH_H 1
| /* end confdefs.h.  */
| #include <fp_class.h>
configure:13111: result: no
configure:13111: checking for fp_class.h
configure:13111: result: no
configure:13111: checking float.h usability
configure:13111: gcc -c -g -O2  conftest.c >&5
configure:13111: $? = 0
configure:13111: result: yes
configure:13111: checking float.h presence
configure:13111: gcc -E  conftest.c
configure:13111: $? = 0
configure:13111: result: yes
configure:13111: checking for float.h
configure:13111: result: yes
configure:13111: checking ansidecl.h usability
configure:13111: gcc -c -g -O2  conftest.c >&5
configure:13111: $? = 0
configure:13111: result: yes
configure:13111: checking ansidecl.h presence
configure:13111: gcc -E  conftest.c
configure:13111: $? = 0
configure:13111: result: yes
configure:13111: checking for ansidecl.h
configure:13111: result: yes
configure:13124: checking sys/timeb.h usability
configure:13124: gcc -c -g -O2  conftest.c >&5
configure:13124: $? = 0
configure:13124: result: yes
configure:13124: checking sys/timeb.h presence
configure:13124: gcc -E  conftest.c
configure:13124: $? = 0
configure:13124: result: yes
configure:13124: checking for sys/timeb.h
configure:13124: result: yes
configure:13124: checking time.h usability
configure:13124: gcc -c -g -O2  conftest.c >&5
configure:13124: $? = 0
configure:13124: result: yes
configure:13124: checking time.h presence
configure:13124: gcc -E  conftest.c
configure:13124: $? = 0
configure:13124: result: yes
configure:13124: checking for time.h
configure:13124: result: yes
configure:13124: checking for sys/stat.h
configure:13124: result: yes
configure:13124: checking sys/select.h usability
configure:13124: gcc -c -g -O2  conftest.c >&5
configure:13124: $? = 0
configure:13124: result: yes
configure:13124: checking sys/select.h presence
configure:13124: gcc -E  conftest.c
configure:13124: $? = 0
configure:13124: result: yes
configure:13124: checking for sys/select.h
configure:13124: result: yes
configure:13124: checking stdarg.h usability
configure:13124: gcc -c -g -O2  conftest.c >&5
configure:13124: $? = 0
configure:13124: result: yes
configure:13124: checking stdarg.h presence
configure:13124: gcc -E  conftest.c
configure:13124: $? = 0
configure:13124: result: yes
configure:13124: checking for stdarg.h
configure:13124: result: yes
configure:13136: checking errno.h usability
configure:13136: gcc -c -g -O2  conftest.c >&5
configure:13136: $? = 0
configure:13136: result: yes
configure:13136: checking errno.h presence
configure:13136: gcc -E  conftest.c
configure:13136: $? = 0
configure:13136: result: yes
configure:13136: checking for errno.h
configure:13136: result: yes
configure:13149: checking for stat
configure:13149: gcc -o conftest -g -O2   conftest.c  >&5
configure:13149: $? = 0
configure:13149: result: yes
configure:13149: checking for _stat
configure:13149: gcc -o conftest -g -O2   conftest.c  >&5
/tmp/cc1B1A65.o: In function `main':
/home/gempak/GEMPAK7/extlibs/xslt/libxslt/conftest.c:82: undefined reference to `_stat'
collect2: error: ld returned 1 exit status
configure:13149: $? = 1
configure: failed program was:
| /* confdefs.h */
| #define PACKAGE_NAME ""
| #define PACKAGE_TARNAME ""
| #define PACKAGE_VERSION ""
| #define PACKAGE_STRING ""
| #define PACKAGE_BUGREPORT ""
| #define PACKAGE_URL ""
| #define STDC_HEADERS 1
| #define HAVE_SYS_TYPES_H 1
| #define HAVE_SYS_STAT_H 1
| #define HAVE_STDLIB_H 1
| #define HAVE_STRING_H 1
| #define HAVE_MEMORY_H 1
| #define HAVE_STRINGS_H 1
| #define HAVE_INTTYPES_H 1
| #define HAVE_STDINT_H 1
| #define HAVE_UNISTD_H 1
| #define __EXTENSIONS__ 1
| #define _ALL_SOURCE 1
| #define _GNU_SOURCE 1
| #define _POSIX_PTHREAD_SEMANTICS 1
| #define _TANDEM_SOURCE 1
| #define PACKAGE "libxslt"
| #define VERSION "1.1.29"
| #define STDC_HEADERS 1
| #define HAVE_DLFCN_H 1
| #define LT_OBJDIR ".libs/"
| #define HAVE_SYS_TYPES_H 1
| #define HAVE_SYS_TIME_H 1
| #define HAVE_STDLIB_H 1
| #define HAVE_UNISTD_H 1
| #define HAVE_STRING_H 1
| #define HAVE_LIBPTHREAD /**/
| #define HAVE_PTHREAD_H /**/
| #define HAVE_LOCALE_H 1
| #define HAVE_XLOCALE_H 1
| #define HAVE_MATH_H 1
| #define HAVE_FLOAT_H 1
| #define HAVE_ANSIDECL_H 1
| #define HAVE_SYS_TIMEB_H 1
| #define HAVE_TIME_H 1
| #define HAVE_SYS_STAT_H 1
| #define HAVE_SYS_SELECT_H 1
| #define HAVE_STDARG_H 1
| #define HAVE_ERRNO_H 1
| #define HAVE_STAT 1
| /* end confdefs.h.  */
| /* Define _stat to an innocuous variant, in case <limits.h> declares _stat.
|    For example, HP-UX 11i <limits.h> declares gettimeofday.  */
| #define _stat innocuous__stat
| 
| /* System header to define __stub macros and hopefully few prototypes,
|     which can conflict with char _stat (); below.
|     Prefer <limits.h> to <assert.h> if __STDC__ is defined, since
|     <limits.h> exists even on freestanding compilers.  */
| 
| #ifdef __STDC__
| # include <limits.h>
| #else
| # include <assert.h>
| #endif
| 
| #undef _stat
| 
| /* Override any GCC internal prototype to avoid an error.
|    Use char because int might match the return type of a GCC
|    builtin and then its argument prototype would still apply.  */
| #ifdef __cplusplus
| extern "C"
| #endif
| char _stat ();
| /* The GNU C library defines this for functions which it implements
|     to always fail with ENOSYS.  Some functions are actually named
|     something starting with __ and the normal name is an alias.  */
| #if defined __stub__stat || defined __stub____stat
| choke me
| #endif
| 
| int
| main ()
| {
| return _stat ();
|   ;
|   return 0;
| }
configure:13149: result: no
configure:13158: checking for pow
configure:13158: gcc -o conftest -g -O2   conftest.c  >&5
conftest.c:71:6: warning: conflicting types for built-in function 'pow' [enabled by default]
 char pow ();
      ^
/tmp/ccvx62le.o: In function `main':
/home/gempak/GEMPAK7/extlibs/xslt/libxslt/conftest.c:82: undefined reference to `pow'
collect2: error: ld returned 1 exit status
configure:13158: $? = 1
configure: failed program was:
| /* confdefs.h */
| #define PACKAGE_NAME ""
| #define PACKAGE_TARNAME ""
| #define PACKAGE_VERSION ""
| #define PACKAGE_STRING ""
| #define PACKAGE_BUGREPORT ""
| #define PACKAGE_URL ""
| #define STDC_HEADERS 1
| #define HAVE_SYS_TYPES_H 1
| #define HAVE_SYS_STAT_H 1
| #define HAVE_STDLIB_H 1
| #define HAVE_STRING_H 1
| #define HAVE_MEMORY_H 1
| #define HAVE_STRINGS_H 1
| #define HAVE_INTTYPES_H 1
| #define HAVE_STDINT_H 1
| #define HAVE_UNISTD_H 1
| #define __EXTENSIONS__ 1
| #define _ALL_SOURCE 1
| #define _GNU_SOURCE 1
| #define _POSIX_PTHREAD_SEMANTICS 1
| #define _TANDEM_SOURCE 1
| #define PACKAGE "libxslt"
| #define VERSION "1.1.29"
| #define STDC_HEADERS 1
| #define HAVE_DLFCN_H 1
| #define LT_OBJDIR ".libs/"
| #define HAVE_SYS_TYPES_H 1
| #define HAVE_SYS_TIME_H 1
| #define HAVE_STDLIB_H 1
| #define HAVE_UNISTD_H 1
| #define HAVE_STRING_H 1
| #define HAVE_LIBPTHREAD /**/
| #define HAVE_PTHREAD_H /**/
| #define HAVE_LOCALE_H 1
| #define HAVE_XLOCALE_H 1
| #define HAVE_MATH_H 1
| #define HAVE_FLOAT_H 1
| #define HAVE_ANSIDECL_H 1
| #define HAVE_SYS_TIMEB_H 1
| #define HAVE_TIME_H 1
| #define HAVE_SYS_STAT_H 1
| #define HAVE_SYS_SELECT_H 1
| #define HAVE_STDARG_H 1
| #define HAVE_ERRNO_H 1
| #define HAVE_STAT 1
| /* end confdefs.h.  */
| /* Define pow to an innocuous variant, in case <limits.h> declares pow.
|    For example, HP-UX 11i <limits.h> declares gettimeofday.  */
| #define pow innocuous_pow
| 
| /* System header to define __stub macros and hopefully few prototypes,
|     which can conflict with char pow (); below.
|     Prefer <limits.h> to <assert.h> if __STDC__ is defined, since
|     <limits.h> exists even on freestanding compilers.  */
| 
| #ifdef __STDC__
| # include <limits.h>
| #else
| # include <assert.h>
| #endif
| 
| #undef pow
| 
| /* Override any GCC internal prototype to avoid an error.
|    Use char because int might match the return type of a GCC
|    builtin and then its argument prototype would still apply.  */
| #ifdef __cplusplus
| extern "C"
| #endif
| char pow ();
| /* The GNU C library defines this for functions which it implements
|     to always fail with ENOSYS.  Some functions are actually named
|     something starting with __ and the normal name is an alias.  */
| #if defined __stub_pow || defined __stub___pow
| choke me
| #endif
| 
| int
| main ()
| {
| return pow ();
|   ;
|   return 0;
| }
configure:13158: result: no
configure:13162: checking for pow in -lm
configure:13187: gcc -o conftest -g -O2   conftest.c -lm   >&5
conftest.c:55:6: warning: conflicting types for built-in function 'pow' [enabled by default]
 char pow ();
      ^
configure:13187: $? = 0
configure:13196: result: yes
configure:13207: checking for floor
configure:13207: gcc -o conftest -g -O2   conftest.c  >&5
conftest.c:72:6: warning: conflicting types for built-in function 'floor' [enabled by default]
 char floor ();
      ^
/tmp/ccpetlnn.o: In function `main':
/home/gempak/GEMPAK7/extlibs/xslt/libxslt/conftest.c:83: undefined reference to `floor'
collect2: error: ld returned 1 exit status
configure:13207: $? = 1
configure: failed program was:
| /* confdefs.h */
| #define PACKAGE_NAME ""
| #define PACKAGE_TARNAME ""
| #define PACKAGE_VERSION ""
| #define PACKAGE_STRING ""
| #define PACKAGE_BUGREPORT ""
| #define PACKAGE_URL ""
| #define STDC_HEADERS 1
| #define HAVE_SYS_TYPES_H 1
| #define HAVE_SYS_STAT_H 1
| #define HAVE_STDLIB_H 1
| #define HAVE_STRING_H 1
| #define HAVE_MEMORY_H 1
| #define HAVE_STRINGS_H 1
| #define HAVE_INTTYPES_H 1
| #define HAVE_STDINT_H 1
| #define HAVE_UNISTD_H 1
| #define __EXTENSIONS__ 1
| #define _ALL_SOURCE 1
| #define _GNU_SOURCE 1
| #define _POSIX_PTHREAD_SEMANTICS 1
| #define _TANDEM_SOURCE 1
| #define PACKAGE "libxslt"
| #define VERSION "1.1.29"
| #define STDC_HEADERS 1
| #define HAVE_DLFCN_H 1
| #define LT_OBJDIR ".libs/"
| #define HAVE_SYS_TYPES_H 1
| #define HAVE_SYS_TIME_H 1
| #define HAVE_STDLIB_H 1
| #define HAVE_UNISTD_H 1
| #define HAVE_STRING_H 1
| #define HAVE_LIBPTHREAD /**/
| #define HAVE_PTHREAD_H /**/
| #define HAVE_LOCALE_H 1
| #define HAVE_XLOCALE_H 1
| #define HAVE_MATH_H 1
| #define HAVE_FLOAT_H 1
| #define HAVE_ANSIDECL_H 1
| #define HAVE_SYS_TIMEB_H 1
| #define HAVE_TIME_H 1
| #define HAVE_SYS_STAT_H 1
| #define HAVE_SYS_SELECT_H 1
| #define HAVE_STDARG_H 1
| #define HAVE_ERRNO_H 1
| #define HAVE_STAT 1
| #define HAVE_POW /**/
| /* end confdefs.h.  */
| /* Define floor to an innocuous variant, in case <limits.h> declares floor.
|    For example, HP-UX 11i <limits.h> declares gettimeofday.  */
| #define floor innocuous_floor
| 
| /* System header to define __stub macros and hopefully few prototypes,
|     which can conflict with char floor (); below.
|     Prefer <limits.h> to <assert.h> if __STDC__ is defined, since
|     <limits.h> exists even on freestanding compilers.  */
| 
| #ifdef __STDC__
| # include <limits.h>
| #else
| # include <assert.h>
| #endif
| 
| #undef floor
| 
| /* Override any GCC internal prototype to avoid an error.
|    Use char because int might match the return type of a GCC
|    builtin and then its argument prototype would still apply.  */
| #ifdef __cplusplus
| extern "C"
| #endif
| char floor ();
| /* The GNU C library defines this for functions which it implements
|     to always fail with ENOSYS.  Some functions are actually named
|     something starting with __ and the normal name is an alias.  */
| #if defined __stub_floor || defined __stub___floor
| choke me
| #endif
| 
| int
| main ()
| {
| return floor ();
|   ;
|   return 0;
| }
configure:13207: result: no
configure:13211: checking for floor in -lm
configure:13236: gcc -o conftest -g -O2   conftest.c -lm   >&5
conftest.c:56:6: warning: conflicting types for built-in function 'floor' [enabled by default]
 char floor ();
      ^
configure:13236: $? = 0
configure:13245: result: yes
configure:13256: checking for fabs
configure:13256: gcc -o conftest -g -O2   conftest.c  >&5
conftest.c:73:6: warning: conflicting types for built-in function 'fabs' [enabled by default]
 char fabs ();
      ^
/tmp/ccYNkHHB.o: In function `main':
/home/gempak/GEMPAK7/extlibs/xslt/libxslt/conftest.c:84: undefined reference to `fabs'
collect2: error: ld returned 1 exit status
configure:13256: $? = 1
configure: failed program was:
| /* confdefs.h */
| #define PACKAGE_NAME ""
| #define PACKAGE_TARNAME ""
| #define PACKAGE_VERSION ""
| #define PACKAGE_STRING ""
| #define PACKAGE_BUGREPORT ""
| #define PACKAGE_URL ""
| #define STDC_HEADERS 1
| #define HAVE_SYS_TYPES_H 1
| #define HAVE_SYS_STAT_H 1
| #define HAVE_STDLIB_H 1
| #define HAVE_STRING_H 1
| #define HAVE_MEMORY_H 1
| #define HAVE_STRINGS_H 1
| #define HAVE_INTTYPES_H 1
| #define HAVE_STDINT_H 1
| #define HAVE_UNISTD_H 1
| #define __EXTENSIONS__ 1
| #define _ALL_SOURCE 1
| #define _GNU_SOURCE 1
| #define _POSIX_PTHREAD_SEMANTICS 1
| #define _TANDEM_SOURCE 1
| #define PACKAGE "libxslt"
| #define VERSION "1.1.29"
| #define STDC_HEADERS 1
| #define HAVE_DLFCN_H 1
| #define LT_OBJDIR ".libs/"
| #define HAVE_SYS_TYPES_H 1
| #define HAVE_SYS_TIME_H 1
| #define HAVE_STDLIB_H 1
| #define HAVE_UNISTD_H 1
| #define HAVE_STRING_H 1
| #define HAVE_LIBPTHREAD /**/
| #define HAVE_PTHREAD_H /**/
| #define HAVE_LOCALE_H 1
| #define HAVE_XLOCALE_H 1
| #define HAVE_MATH_H 1
| #define HAVE_FLOAT_H 1
| #define HAVE_ANSIDECL_H 1
| #define HAVE_SYS_TIMEB_H 1
| #define HAVE_TIME_H 1
| #define HAVE_SYS_STAT_H 1
| #define HAVE_SYS_SELECT_H 1
| #define HAVE_STDARG_H 1
| #define HAVE_ERRNO_H 1
| #define HAVE_STAT 1
| #define HAVE_POW /**/
| #define HAVE_FLOOR /**/
| /* end confdefs.h.  */
| /* Define fabs to an innocuous variant, in case <limits.h> declares fabs.
|    For example, HP-UX 11i <limits.h> declares gettimeofday.  */
| #define fabs innocuous_fabs
| 
| /* System header to define __stub macros and hopefully few prototypes,
|     which can conflict with char fabs (); below.
|     Prefer <limits.h> to <assert.h> if __STDC__ is defined, since
|     <limits.h> exists even on freestanding compilers.  */
| 
| #ifdef __STDC__
| # include <limits.h>
| #else
| # include <assert.h>
| #endif
| 
| #undef fabs
| 
| /* Override any GCC internal prototype to avoid an error.
|    Use char because int might match the return type of a GCC
|    builtin and then its argument prototype would still apply.  */
| #ifdef __cplusplus
| extern "C"
| #endif
| char fabs ();
| /* The GNU C library defines this for functions which it implements
|     to always fail with ENOSYS.  Some functions are actually named
|     something starting with __ and the normal name is an alias.  */
| #if defined __stub_fabs || defined __stub___fabs
| choke me
| #endif
| 
| int
| main ()
| {
| return fabs ();
|   ;
|   return 0;
| }
configure:13256: result: no
configure:13260: checking for fabs in -lm
configure:13285: gcc -o conftest -g -O2   conftest.c -lm   >&5
conftest.c:57:6: warning: conflicting types for built-in function 'fabs' [enabled by default]
 char fabs ();
      ^
configure:13285: $? = 0
configure:13294: result: yes
configure:13308: checking for gettimeofday
configure:13308: gcc -o conftest -g -O2   conftest.c  >&5
configure:13308: $? = 0
configure:13308: result: yes
configure:13320: checking for mktime
configure:13320: gcc -o conftest -g -O2   conftest.c  >&5
configure:13320: $? = 0
configure:13320: result: yes
configure:13320: checking for localtime
configure:13320: gcc -o conftest -g -O2   conftest.c  >&5
configure:13320: $? = 0
configure:13320: result: yes
configure:13320: checking for localtime_r
configure:13320: gcc -o conftest -g -O2   conftest.c  >&5
configure:13320: $? = 0
configure:13320: result: yes
configure:13320: checking for asctime
configure:13320: gcc -o conftest -g -O2   conftest.c  >&5
configure:13320: $? = 0
configure:13320: result: yes
configure:13320: checking for time
configure:13320: gcc -o conftest -g -O2   conftest.c  >&5
configure:13320: $? = 0
configure:13320: result: yes
configure:13320: checking for gmtime
configure:13320: gcc -o conftest -g -O2   conftest.c  >&5
configure:13320: $? = 0
configure:13320: result: yes
configure:13320: checking for gmtime_r
configure:13320: gcc -o conftest -g -O2   conftest.c  >&5
configure:13320: $? = 0
configure:13320: result: yes
configure:13320: checking for ftime
configure:13320: gcc -o conftest -g -O2   conftest.c  >&5
configure:13320: $? = 0
configure:13320: result: yes
configure:13333: checking for printf
configure:13333: gcc -o conftest -g -O2   conftest.c  >&5
conftest.c:83:6: warning: conflicting types for built-in function 'printf' [enabled by default]
 char printf ();
      ^
configure:13333: $? = 0
configure:13333: result: yes
configure:13333: checking for sprintf
configure:13333: gcc -o conftest -g -O2   conftest.c  >&5
conftest.c:84:6: warning: conflicting types for built-in function 'sprintf' [enabled by default]
 char sprintf ();
      ^
configure:13333: $? = 0
configure:13333: result: yes
configure:13333: checking for fprintf
configure:13333: gcc -o conftest -g -O2   conftest.c  >&5
conftest.c:85:6: warning: conflicting types for built-in function 'fprintf' [enabled by default]
 char fprintf ();
      ^
configure:13333: $? = 0
configure:13333: result: yes
configure:13333: checking for snprintf
configure:13333: gcc -o conftest -g -O2   conftest.c  >&5
conftest.c:86:6: warning: conflicting types for built-in function 'snprintf' [enabled by default]
 char snprintf ();
      ^
configure:13333: $? = 0
configure:13333: result: yes
configure:13333: checking for vfprintf
configure:13333: gcc -o conftest -g -O2   conftest.c  >&5
conftest.c:87:6: warning: conflicting types for built-in function 'vfprintf' [enabled by default]
 char vfprintf ();
      ^
configure:13333: $? = 0
configure:13333: result: yes
configure:13333: checking for vsprintf
configure:13333: gcc -o conftest -g -O2   conftest.c  >&5
conftest.c:88:6: warning: conflicting types for built-in function 'vsprintf' [enabled by default]
 char vsprintf ();
      ^
configure:13333: $? = 0
configure:13333: result: yes
configure:13333: checking for vsnprintf
configure:13333: gcc -o conftest -g -O2   conftest.c  >&5
conftest.c:89:6: warning: conflicting types for built-in function 'vsnprintf' [enabled by default]
 char vsnprintf ();
      ^
configure:13333: $? = 0
configure:13333: result: yes
configure:13333: checking for sscanf
configure:13333: gcc -o conftest -g -O2   conftest.c  >&5
conftest.c:90:6: warning: conflicting types for built-in function 'sscanf' [enabled by default]
 char sscanf ();
      ^
configure:13333: $? = 0
configure:13333: result: yes
configure:13347: checking for clock_gettime
configure:13347: gcc -o conftest -g -O2   conftest.c  >&5
configure:13347: $? = 0
configure:13347: result: yes
configure:13418: checking for perl
configure:13434: found /usr/bin/perl
configure:13446: result: perl
configure:13665: checking for libgcrypt-config
configure:13683: found /usr/bin/libgcrypt-config
configure:13695: result: /usr/bin/libgcrypt-config
configure:13841: checking for libxml libraries >= 2.6.27
configure:13891: checking for xml2-config
configure:13909: found /home/gempak/GEMPAK7/os/linux64/bin/xml2-config
configure:13921: result: /home/gempak/GEMPAK7/os/linux64/bin/xml2-config
configure:14087: result: 2.9.4 found
configure:14116: checking whether shared libraries will be built (required for plugins)
configure:14119: result: no
configure:14121: WARNING: Disabling plugin support.
configure:14123: WARNING: Plugins require that shared libraries be built.
configure:14339: checking that generated files are newer than configure
configure:14345: result: done
configure:14384: creating ./config.status

## ---------------------- ##
## Running config.status. ##
## ---------------------- ##

This file was extended by config.status, which was
generated by GNU Autoconf 2.69.  Invocation command line was

  CONFIG_FILES    = 
  CONFIG_HEADERS  = 
  CONFIG_LINKS    = 
  CONFIG_COMMANDS = 
  $ ./config.status 

on atlas.niu.edu

config.status:1240: creating Makefile
config.status:1240: creating libxslt.pc
config.status:1240: creating libexslt.pc
config.status:1240: creating libxslt/Makefile
config.status:1240: creating libxslt/xsltconfig.h
config.status:1240: creating libxslt/xsltwin32config.h
config.status:1240: creating libexslt/Makefile
config.status:1240: creating libexslt/exsltconfig.h
config.status:1240: creating xsltproc/Makefile
config.status:1240: creating python/Makefile
config.status:1240: creating python/tests/Makefile
config.status:1240: creating tests/Makefile
config.status:1240: creating tests/docs/Makefile
config.status:1240: creating tests/REC1/Makefile
config.status:1240: creating tests/REC2/Makefile
config.status:1240: creating tests/REC/Makefile
config.status:1240: creating tests/general/Makefile
config.status:1240: creating tests/reports/Makefile
config.status:1240: creating tests/extensions/Makefile
config.status:1240: creating tests/namespaces/Makefile
config.status:1240: creating tests/keys/Makefile
config.status:1240: creating tests/numbers/Makefile
config.status:1240: creating tests/documents/Makefile
config.status:1240: creating tests/xmlspec/Makefile
config.status:1240: creating tests/multiple/Makefile
config.status:1240: creating tests/xinclude/Makefile
config.status:1240: creating tests/XSLTMark/Makefile
config.status:1240: creating tests/docbook/Makefile
config.status:1240: creating tests/exslt/Makefile
config.status:1240: creating tests/exslt/common/Makefile
config.status:1240: creating tests/exslt/functions/Makefile
config.status:1240: creating tests/exslt/math/Makefile
config.status:1240: creating tests/exslt/saxon/Makefile
config.status:1240: creating tests/exslt/sets/Makefile
config.status:1240: creating tests/exslt/strings/Makefile
config.status:1240: creating tests/exslt/date/Makefile
config.status:1240: creating tests/exslt/dynamic/Makefile
config.status:1240: creating tests/exslt/crypto/Makefile
config.status:1240: creating tests/plugins/Makefile
config.status:1240: creating doc/Makefile
config.status:1240: creating xslt-config
config.status:1240: creating libxslt.spec
config.status:1240: creating config.h
config.status:1469: executing depfiles commands
config.status:1469: executing libtool commands

## ---------------- ##
## Cache variables. ##
## ---------------- ##

ac_cv_build=x86_64-unknown-linux-gnu
ac_cv_c_compiler_gnu=yes
ac_cv_env_CC_set=set
ac_cv_env_CC_value=gcc
ac_cv_env_CFLAGS_set=
ac_cv_env_CFLAGS_value=
ac_cv_env_CPPFLAGS_set=
ac_cv_env_CPPFLAGS_value=
ac_cv_env_CPP_set=
ac_cv_env_CPP_value=
ac_cv_env_LDFLAGS_set=
ac_cv_env_LDFLAGS_value=
ac_cv_env_LIBS_set=
ac_cv_env_LIBS_value=
ac_cv_env_build_alias_set=
ac_cv_env_build_alias_value=
ac_cv_env_host_alias_set=
ac_cv_env_host_alias_value=
ac_cv_env_target_alias_set=
ac_cv_env_target_alias_value=
ac_cv_func__stat=no
ac_cv_func_asctime=yes
ac_cv_func_clock_gettime=yes
ac_cv_func_fabs=no
ac_cv_func_floor=no
ac_cv_func_fprintf=yes
ac_cv_func_ftime=yes
ac_cv_func_gettimeofday=yes
ac_cv_func_gmtime=yes
ac_cv_func_gmtime_r=yes
ac_cv_func_localtime=yes
ac_cv_func_localtime_r=yes
ac_cv_func_mktime=yes
ac_cv_func_pow=no
ac_cv_func_printf=yes
ac_cv_func_snprintf=yes
ac_cv_func_sprintf=yes
ac_cv_func_sscanf=yes
ac_cv_func_stat=yes
ac_cv_func_time=yes
ac_cv_func_vfprintf=yes
ac_cv_func_vsnprintf=yes
ac_cv_func_vsprintf=yes
ac_cv_header_ansidecl_h=yes
ac_cv_header_dlfcn_h=yes
ac_cv_header_errno_h=yes
ac_cv_header_float_h=yes
ac_cv_header_fp_class_h=no
ac_cv_header_ieeefp_h=no
ac_cv_header_inttypes_h=yes
ac_cv_header_locale_h=yes
ac_cv_header_math_h=yes
ac_cv_header_memory_h=yes
ac_cv_header_minix_config_h=no
ac_cv_header_nan_h=no
ac_cv_header_pthread_h=yes
ac_cv_header_stdarg_h=yes
ac_cv_header_stdc=yes
ac_cv_header_stdint_h=yes
ac_cv_header_stdlib_h=yes
ac_cv_header_string_h=yes
ac_cv_header_strings_h=yes
ac_cv_header_sys_select_h=yes
ac_cv_header_sys_stat_h=yes
ac_cv_header_sys_time_h=yes
ac_cv_header_sys_timeb_h=yes
ac_cv_header_sys_types_h=yes
ac_cv_header_time_h=yes
ac_cv_header_unistd_h=yes
ac_cv_header_xlocale_h=yes
ac_cv_host=x86_64-unknown-linux-gnu
ac_cv_lib_m_fabs=yes
ac_cv_lib_m_floor=yes
ac_cv_lib_m_pow=yes
ac_cv_lib_pthread_pthread_join=yes
ac_cv_objext=o
ac_cv_path_EGREP='/usr/bin/grep -E'
ac_cv_path_FGREP='/usr/bin/grep -F'
ac_cv_path_GREP=/usr/bin/grep
ac_cv_path_MV=/usr/bin/mv
ac_cv_path_RM=/usr/bin/rm
ac_cv_path_SED=/usr/bin/sed
ac_cv_path_TAR=/usr/bin/tar
ac_cv_path_XMLLINT=/home/vgensini/Programs/anaconda2/bin/xmllint
ac_cv_path_XSLTPROC=/home/vgensini/Programs/anaconda2/bin/xsltproc
ac_cv_path_ac_pt_LIBGCRYPT_CONFIG=/usr/bin/libgcrypt-config
ac_cv_path_ac_pt_XML_CONFIG=/home/gempak/GEMPAK7/os/linux64/bin/xml2-config
ac_cv_path_install='/usr/bin/install -c'
ac_cv_path_mkdir=/usr/bin/mkdir
ac_cv_prog_AWK=gawk
ac_cv_prog_CPP='gcc -E'
ac_cv_prog_PERL=perl
ac_cv_prog_ac_ct_AR=ar
ac_cv_prog_ac_ct_CC=gcc
ac_cv_prog_ac_ct_OBJDUMP=objdump
ac_cv_prog_ac_ct_RANLIB=ranlib
ac_cv_prog_ac_ct_STRIP=strip
ac_cv_prog_cc_c89=
ac_cv_prog_cc_g=yes
ac_cv_prog_make_make_set=yes
ac_cv_safe_to_define___extensions__=yes
am_cv_CC_dependencies_compiler_type=gcc3
am_cv_make_support_nested_variables=yes
lt_cv_ar_at_file=@
lt_cv_deplibs_check_method=pass_all
lt_cv_file_magic_cmd='$MAGIC_CMD'
lt_cv_file_magic_test_file=
lt_cv_ld_reload_flag=-r
lt_cv_nm_interface='BSD nm'
lt_cv_objdir=.libs
lt_cv_path_LD=/usr/bin/ld
lt_cv_path_NM='/usr/bin/nm -B'
lt_cv_path_mainfest_tool=no
lt_cv_prog_compiler_c_o=yes
lt_cv_prog_compiler_pic='-fPIC -DPIC'
lt_cv_prog_compiler_pic_works=yes
lt_cv_prog_compiler_rtti_exceptions=no
lt_cv_prog_compiler_static_works=no
lt_cv_prog_gnu_ld=yes
lt_cv_sharedlib_from_linklib_cmd='printf %s\n'
lt_cv_shlibpath_overrides_runpath=no
lt_cv_sys_global_symbol_pipe='sed -n -e '\''s/^.*[	 ]\([ABCDGIRSTW][ABCDGIRSTW]*\)[	 ][	 ]*\([_A-Za-z][_A-Za-z0-9]*\)$/\1 \2 \2/p'\'' | sed '\''/ __gnu_lto/d'\'''
lt_cv_sys_global_symbol_to_c_name_address='sed -n -e '\''s/^: \([^ ]*\)[ ]*$/  {\"\1\", (void *) 0},/p'\'' -e '\''s/^[ABCDGIRSTW]* \([^ ]*\) \([^ ]*\)$/  {"\2", (void *) \&\2},/p'\'''
lt_cv_sys_global_symbol_to_c_name_address_lib_prefix='sed -n -e '\''s/^: \([^ ]*\)[ ]*$/  {\"\1\", (void *) 0},/p'\'' -e '\''s/^[ABCDGIRSTW]* \([^ ]*\) \(lib[^ ]*\)$/  {"\2", (void *) \&\2},/p'\'' -e '\''s/^[ABCDGIRSTW]* \([^ ]*\) \([^ ]*\)$/  {"lib\2", (void *) \&\2},/p'\'''
lt_cv_sys_global_symbol_to_cdecl='sed -n -e '\''s/^T .* \(.*\)$/extern int \1();/p'\'' -e '\''s/^[ABCDGIRSTW]* .* \(.*\)$/extern char \1;/p'\'''
lt_cv_sys_max_cmd_len=1572864
lt_cv_to_host_file_cmd=func_convert_file_noop
lt_cv_to_tool_file_cmd=func_convert_file_noop

## ----------------- ##
## Output variables. ##
## ----------------- ##

ACLOCAL='${SHELL} /home/gempak/GEMPAK7/extlibs/xslt/libxslt/missing aclocal-1.13'
AMDEPBACKSLASH='\'
AMDEP_FALSE='#'
AMDEP_TRUE=''
AMTAR='$${TAR-tar}'
AM_BACKSLASH='\'
AM_DEFAULT_V='$(AM_DEFAULT_VERBOSITY)'
AM_DEFAULT_VERBOSITY='0'
AM_V='$(V)'
AR='ar'
AS='as'
AUTOCONF='${SHELL} /home/gempak/GEMPAK7/extlibs/xslt/libxslt/missing autoconf'
AUTOHEADER='${SHELL} /home/gempak/GEMPAK7/extlibs/xslt/libxslt/missing autoheader'
AUTOMAKE='${SHELL} /home/gempak/GEMPAK7/extlibs/xslt/libxslt/missing automake-1.13'
AWK='gawk'
CC='gcc'
CCDEPMODE='depmode=gcc3'
CFLAGS='-g -O2 -Wall -Wformat=2 -Wmissing-format-attribute'
CPP='gcc -E'
CPPFLAGS=''
CRYPTO_TESTDIR='crypto'
CYGPATH_W='echo'
DEFS='-DHAVE_CONFIG_H'
DEPDIR='.deps'
DLLTOOL='false'
DSYMUTIL=''
DUMPBIN=''
ECHO_C=''
ECHO_N='-n'
ECHO_T=''
EGREP='/usr/bin/grep -E'
EXEEXT=''
EXSLT_INCLUDEDIR='-I${includedir}'
EXSLT_LIBDIR='-L${libdir}'
EXSLT_LIBS='-lexslt -lxslt  -L/home/gempak/GEMPAK7/os/linux64/lib -lxml2 -lz -lm -ldl -lm -lgcrypt -ldl -lgpg-error'
EXTRA_LIBS=''
FGREP='/usr/bin/grep -F'
GREP='/usr/bin/grep'
HTML_DIR='$(datadir)/doc/$(PACKAGE)-$(VERSION)/html'
INSTALL_DATA='${INSTALL} -m 644'
INSTALL_PROGRAM='${INSTALL}'
INSTALL_SCRIPT='${INSTALL}'
INSTALL_STRIP_PROGRAM='$(install_sh) -c -s'
LD='/usr/bin/ld -m elf_x86_64'
LDFLAGS=''
LIBEXSLT_MAJOR_VERSION='0'
LIBEXSLT_MICRO_VERSION='17'
LIBEXSLT_MINOR_VERSION='8'
LIBEXSLT_VERSION='0.8.17'
LIBEXSLT_VERSION_EXTRA=''
LIBEXSLT_VERSION_INFO='8:17:8'
LIBEXSLT_VERSION_NUMBER='817'
LIBGCRYPT_CFLAGS=''
LIBGCRYPT_CONFIG='/usr/bin/libgcrypt-config'
LIBGCRYPT_LIBS='-lgcrypt -ldl -lgpg-error'
LIBOBJS=''
LIBS=''
LIBTOOL='$(SHELL) $(top_builddir)/libtool'
LIBXML_CFLAGS=' -I/home/gempak/GEMPAK7/os/linux64/include/libxml2'
LIBXML_LIBS=' -L/home/gempak/GEMPAK7/os/linux64/lib -lxml2 -lz -lm -ldl'
LIBXML_REQUIRED_VERSION='2.6.27'
LIBXML_SRC=''
LIBXSLT_DEFAULT_PLUGINS_PATH='/home/gempak/GEMPAK7/os/linux64/lib/libxslt-plugins'
LIBXSLT_MAJOR_MINOR_VERSION='1.1'
LIBXSLT_MAJOR_VERSION='1'
LIBXSLT_MICRO_VERSION='29'
LIBXSLT_MINOR_VERSION='1'
LIBXSLT_VERSION='1.1.29'
LIBXSLT_VERSION_EXTRA=''
LIBXSLT_VERSION_INFO='2:29:1'
LIBXSLT_VERSION_NUMBER='10129'
LIPO=''
LN_S='ln -s'
LTLIBOBJS=''
MAKEINFO='${SHELL} /home/gempak/GEMPAK7/extlibs/xslt/libxslt/missing makeinfo'
MANIFEST_TOOL=':'
MKDIR_P='/usr/bin/mkdir -p'
MV='/usr/bin/mv'
M_LIBS='-lm'
NM='/usr/bin/nm -B'
NMEDIT=''
OBJDUMP='objdump'
OBJEXT='o'
OTOOL64=''
OTOOL=''
PACKAGE='libxslt'
PACKAGE_BUGREPORT=''
PACKAGE_NAME=''
PACKAGE_STRING=''
PACKAGE_TARNAME=''
PACKAGE_URL=''
PACKAGE_VERSION=''
PATH_SEPARATOR=':'
PERL='perl'
PYTHON='/bin/python'
PYTHONSODV=''
PYTHON_INCLUDES='/usr/include/python2.7'
PYTHON_LIBS='-lpython2.7 -lpthread -ldl -lutil -lm'
PYTHON_SITE_PACKAGES='/usr/lib/python2.7/site-packages'
PYTHON_SUBDIR='python'
PYTHON_VERSION='2.7'
RANLIB='ranlib'
RELDATE='Tue Jan 19 2021'
RM='/usr/bin/rm'
SED='/usr/bin/sed'
SET_MAKE=''
SHELL='/bin/sh'
STRIP='strip'
TAR='/usr/bin/tar'
THREAD_LIBS='-lpthread'
USE_VERSION_SCRIPT_FALSE='#'
USE_VERSION_SCRIPT_TRUE=''
VERSION='1.1.29'
VERSION_SCRIPT_FLAGS='-Wl,--version-script='
WIN32_EXTRA_LDFLAGS=''
WIN32_EXTRA_LIBADD=''
WITH_CRYPTO='1'
WITH_DEBUGGER='0'
WITH_MEM_DEBUG='0'
WITH_MODULES='0'
WITH_MODULES_FALSE=''
WITH_MODULES_TRUE='#'
WITH_PERL_FALSE='#'
WITH_PERL_TRUE=''
WITH_PYTHON_FALSE='#'
WITH_PYTHON_TRUE=''
WITH_TRIO='0'
WITH_XSLT_DEBUG='0'
XMLLINT='/home/vgensini/Programs/anaconda2/bin/xmllint'
XML_CONFIG='/home/gempak/GEMPAK7/os/linux64/bin/xml2-config'
XSLTPROC='/home/vgensini/Programs/anaconda2/bin/xsltproc'
XSLTPROCDV=''
XSLT_INCLUDEDIR='-I${includedir}'
XSLT_LIBDIR='-L${libdir}'
XSLT_LIBS='-lxslt  -L/home/gempak/GEMPAK7/os/linux64/lib -lxml2 -lz -lm -ldl -lm'
XSLT_LOCALE_WINAPI='0'
XSLT_LOCALE_XLOCALE='1'
ac_ct_AR='ar'
ac_ct_CC='gcc'
ac_ct_DUMPBIN=''
am__EXEEXT_FALSE=''
am__EXEEXT_TRUE='#'
am__fastdepCC_FALSE='#'
am__fastdepCC_TRUE=''
am__include='include'
am__isrc=''
am__leading_dot='.'
am__nodep='_no'
am__quote=''
am__tar='$${TAR-tar} chof - "$$tardir"'
am__untar='$${TAR-tar} xf -'
bindir='${exec_prefix}/bin'
build='x86_64-unknown-linux-gnu'
build_alias=''
build_cpu='x86_64'
build_os='linux-gnu'
build_vendor='unknown'
datadir='${datarootdir}'
datarootdir='${prefix}/share'
docdir='${datarootdir}/doc/${PACKAGE}'
dvidir='${docdir}'
exec_prefix='${prefix}'
host='x86_64-unknown-linux-gnu'
host_alias=''
host_cpu='x86_64'
host_os='linux-gnu'
host_vendor='unknown'
htmldir='${docdir}'
includedir='${prefix}/include'
infodir='${datarootdir}/info'
install_sh='${SHELL} /home/gempak/GEMPAK7/extlibs/xslt/libxslt/install-sh'
libdir='${exec_prefix}/lib'
libexecdir='${exec_prefix}/libexec'
localedir='${datarootdir}/locale'
localstatedir='${prefix}/var'
mandir='${datarootdir}/man'
mkdir_p='$(MKDIR_P)'
oldincludedir='/usr/include'
pdfdir='${docdir}'
prefix='/home/gempak/GEMPAK7/os/linux64'
program_transform_name='s,x,x,'
psdir='${docdir}'
pythondir='$(libdir)/python$(PYTHON_VERSION)/site-packages'
sbindir='${exec_prefix}/sbin'
sharedstatedir='${prefix}/com'
sysconfdir='${prefix}/etc'
target_alias=''

## ----------- ##
## confdefs.h. ##
## ----------- ##

/* confdefs.h */
#define PACKAGE_NAME ""
#define PACKAGE_TARNAME ""
#define PACKAGE_VERSION ""
#define PACKAGE_STRING ""
#define PACKAGE_BUGREPORT ""
#define PACKAGE_URL ""
#define STDC_HEADERS 1
#define HAVE_SYS_TYPES_H 1
#define HAVE_SYS_STAT_H 1
#define HAVE_STDLIB_H 1
#define HAVE_STRING_H 1
#define HAVE_MEMORY_H 1
#define HAVE_STRINGS_H 1
#define HAVE_INTTYPES_H 1
#define HAVE_STDINT_H 1
#define HAVE_UNISTD_H 1
#define __EXTENSIONS__ 1
#define _ALL_SOURCE 1
#define _GNU_SOURCE 1
#define _POSIX_PTHREAD_SEMANTICS 1
#define _TANDEM_SOURCE 1
#define PACKAGE "libxslt"
#define VERSION "1.1.29"
#define STDC_HEADERS 1
#define HAVE_DLFCN_H 1
#define LT_OBJDIR ".libs/"
#define HAVE_SYS_TYPES_H 1
#define HAVE_SYS_TIME_H 1
#define HAVE_STDLIB_H 1
#define HAVE_UNISTD_H 1
#define HAVE_STRING_H 1
#define HAVE_LIBPTHREAD /**/
#define HAVE_PTHREAD_H /**/
#define HAVE_LOCALE_H 1
#define HAVE_XLOCALE_H 1
#define HAVE_MATH_H 1
#define HAVE_FLOAT_H 1
#define HAVE_ANSIDECL_H 1
#define HAVE_SYS_TIMEB_H 1
#define HAVE_TIME_H 1
#define HAVE_SYS_STAT_H 1
#define HAVE_SYS_SELECT_H 1
#define HAVE_STDARG_H 1
#define HAVE_ERRNO_H 1
#define HAVE_STAT 1
#define HAVE_POW /**/
#define HAVE_FLOOR /**/
#define HAVE_FABS /**/
#define HAVE_GETTIMEOFDAY 1
#define HAVE_MKTIME 1
#define HAVE_LOCALTIME 1
#define HAVE_LOCALTIME_R 1
#define HAVE_ASCTIME 1
#define HAVE_TIME 1
#define HAVE_GMTIME 1
#define HAVE_GMTIME_R 1
#define HAVE_FTIME 1
#define HAVE_PRINTF 1
#define HAVE_SPRINTF 1
#define HAVE_FPRINTF 1
#define HAVE_SNPRINTF 1
#define HAVE_VFPRINTF 1
#define HAVE_VSPRINTF 1
#define HAVE_VSNPRINTF 1
#define HAVE_SSCANF 1
#define HAVE_CLOCK_GETTIME 1
#define HAVE_GCRYPT 1

configure: exit 0
