This file contains any messages produced by compilers while
running configure, to aid debugging if configure makes a mistake.

It was created by libpng configure 1.4.4, which was
generated by GNU Autoconf 2.65.  Invocation command line was

  $ ./configure --prefix=/home/gempak/GEMPAK7/os/linux64 --disable-shared CC=gcc CFLAGS=-I/home/gempak/GEMPAK7/os/linux64/include FC=gfortran LD_LIBRARY_PATH=/home/gempak/GEMPAK7/os/linux64/lib

## --------- ##
## Platform. ##
## --------- ##

hostname = atlas.niu.edu
uname -m = x86_64
uname -r = 3.10.0-1062.18.1.el7.x86_64
uname -s = Linux
uname -v = #1 SMP Tue Mar 17 23:49:17 UTC 2020

/usr/bin/uname -p = x86_64
/bin/uname -X     = unknown

/bin/arch              = x86_64
/usr/bin/arch -k       = unknown
/usr/convex/getsysinfo = unknown
/usr/bin/hostinfo      = unknown
/bin/machine           = unknown
/usr/bin/oslevel       = unknown
/bin/universe          = unknown

PATH: /home/gempak/decoders
PATH: /home/gempak/util
PATH: /home/gempak/bin
PATH: /home/vgensini/Programs/anaconda2/bin
PATH: /home/gempak/perl5/bin
PATH: /home/vgensini/Programs/anaconda3/bin
PATH: /home/vgensini/Programs/anaconda3/condabin
PATH: /home/vgensini/Programs/anaconda3/bin
PATH: /home/vgensini/Programs/grads/bin
PATH: /home/vgensini/Programs/ncl/bin
PATH: /usr/lib64/qt-3.3/bin
PATH: /home/vgensini/perl5/bin
PATH: /usr/lib64/mpich/bin
PATH: /usr/local/bin
PATH: /usr/bin
PATH: /usr/local/sbin
PATH: /usr/sbin
PATH: /home/vgensini/.local/bin
PATH: /home/vgensini/bin
PATH: /home/gempak/GEMPAK7/os/linux64/bin
PATH: /home/gempak/GEMPAK7/bin


## ----------- ##
## Core tests. ##
## ----------- ##

configure:2281: checking for a BSD-compatible install
configure:2349: result: /usr/bin/install -c
configure:2360: checking whether build environment is sane
configure:2410: result: yes
configure:2551: checking for a thread-safe mkdir -p
configure:2590: result: /usr/bin/mkdir -p
configure:2603: checking for gawk
configure:2619: found /usr/bin/gawk
configure:2630: result: gawk
configure:2641: checking whether make sets $(MAKE)
configure:2663: result: yes
configure:2744: checking whether to enable maintainer-specific portions of Makefiles
configure:2753: result: no
configure:2826: checking for gcc
configure:2853: result: gcc
configure:3082: checking for C compiler version
configure:3091: gcc --version >&5
gcc (GCC) 4.8.5 20150623 (Red Hat 4.8.5-44)
Copyright (C) 2015 Free Software Foundation, Inc.
This is free software; see the source for copying conditions.  There is NO
warranty; not even for MERCHANTABILITY or FITNESS FOR A PARTICULAR PURPOSE.

configure:3102: $? = 0
configure:3091: gcc -v >&5
Using built-in specs.
COLLECT_GCC=gcc
COLLECT_LTO_WRAPPER=/usr/libexec/gcc/x86_64-redhat-linux/4.8.5/lto-wrapper
Target: x86_64-redhat-linux
Configured with: ../configure --prefix=/usr --mandir=/usr/share/man --infodir=/usr/share/info --with-bugurl=http://bugzilla.redhat.com/bugzilla --enable-bootstrap --enable-shared --enable-threads=posix --enable-checking=release --with-system-zlib --enable-__cxa_atexit --disable-libunwind-exceptions --enable-gnu-unique-object --enable-linker-build-id --with-linker-hash-style=gnu --enable-languages=c,c++,objc,obj-c++,java,fortran,ada,go,lto --enable-plugin --enable-initfini-array --disable-libgcj --with-isl=/builddir/build/BUILD/gcc-4.8.5-20150702/obj-x86_64-redhat-linux/isl-install --with-cloog=/builddir/build/BUILD/gcc-4.8.5-20150702/obj-x86_64-redhat-linux/cloog-install --enable-gnu-indirect-function --with-tune=generic --with-arch_32=x86-64 --build=x86_64-redhat-linux
Thread model: posix
gcc version 4.8.5 20150623 (Red Hat 4.8.5-44) (GCC) 
configure:3102: $? = 0
configure:3091: gcc -V >&5
gcc: error: unrecognized command line option '-V'
gcc: fatal error: no input files
compilation terminated.
configure:3102: $? = 4
configure:3091: gcc -qversion >&5
gcc: error: unrecognized command line option '-qversion'
gcc: fatal error: no input files
compilation terminated.
configure:3102: $? = 4
configure:3122: checking whether the C compiler works
configure:3144: gcc -I/home/gempak/GEMPAK7/os/linux64/include   conftest.c  >&5
configure:3148: $? = 0
configure:3197: result: yes
configure:3200: checking for C compiler default output file name
configure:3202: result: a.out
configure:3208: checking for suffix of executables
configure:3215: gcc -o conftest -I/home/gempak/GEMPAK7/os/linux64/include   conftest.c  >&5
configure:3219: $? = 0
configure:3241: result: 
configure:3263: checking whether we are cross compiling
configure:3271: gcc -o conftest -I/home/gempak/GEMPAK7/os/linux64/include   conftest.c  >&5
configure:3275: $? = 0
configure:3282: ./conftest
configure:3286: $? = 0
configure:3301: result: no
configure:3306: checking for suffix of object files
configure:3328: gcc -c -I/home/gempak/GEMPAK7/os/linux64/include  conftest.c >&5
configure:3332: $? = 0
configure:3353: result: o
configure:3357: checking whether we are using the GNU C compiler
configure:3376: gcc -c -I/home/gempak/GEMPAK7/os/linux64/include  conftest.c >&5
configure:3376: $? = 0
configure:3385: result: yes
configure:3394: checking whether gcc accepts -g
configure:3414: gcc -c -g  conftest.c >&5
configure:3414: $? = 0
configure:3455: result: yes
configure:3472: checking for gcc option to accept ISO C89
configure:3536: gcc  -c -I/home/gempak/GEMPAK7/os/linux64/include  conftest.c >&5
configure:3536: $? = 0
configure:3549: result: none needed
configure:3580: checking for style of include used by make
configure:3608: result: GNU
configure:3633: checking dependency style of gcc
configure:3743: result: gcc3
configure:3762: checking build system type
configure:3776: result: x86_64-unknown-linux-gnu
configure:3796: checking host system type
configure:3809: result: x86_64-unknown-linux-gnu
configure:3829: checking for a sed that does not truncate output
configure:3893: result: /usr/bin/sed
configure:3911: checking for grep that handles long lines and -e
configure:3969: result: /usr/bin/grep
configure:3974: checking for egrep
configure:4036: result: /usr/bin/grep -E
configure:4041: checking for fgrep
configure:4103: result: /usr/bin/grep -F
configure:4130: checking how to print strings
configure:4157: result: printf
configure:4190: checking for ld used by gcc
configure:4257: result: /usr/bin/ld
configure:4264: checking if the linker (/usr/bin/ld) is GNU ld
configure:4279: result: yes
configure:4296: checking how to run the C preprocessor
configure:4327: gcc -E  conftest.c
configure:4327: $? = 0
configure:4341: gcc -E  conftest.c
conftest.c:11:28: fatal error: ac_nonexistent.h: No such file or directory
 #include <ac_nonexistent.h>
                            ^
compilation terminated.
configure:4341: $? = 1
configure: failed program was:
| /* confdefs.h */
| #define PACKAGE_NAME "libpng"
| #define PACKAGE_TARNAME "libpng"
| #define PACKAGE_VERSION "1.4.4"
| #define PACKAGE_STRING "libpng 1.4.4"
| #define PACKAGE_BUGREPORT "png-mng-implement@lists.sourceforge.net"
| #define PACKAGE_URL ""
| #define PACKAGE "libpng"
| #define VERSION "1.4.4"
| /* end confdefs.h.  */
| #include <ac_nonexistent.h>
configure:4366: result: gcc -E
configure:4386: gcc -E  conftest.c
configure:4386: $? = 0
configure:4400: gcc -E  conftest.c
conftest.c:11:28: fatal error: ac_nonexistent.h: No such file or directory
 #include <ac_nonexistent.h>
                            ^
compilation terminated.
configure:4400: $? = 1
configure: failed program was:
| /* confdefs.h */
| #define PACKAGE_NAME "libpng"
| #define PACKAGE_TARNAME "libpng"
| #define PACKAGE_VERSION "1.4.4"
| #define PACKAGE_STRING "libpng 1.4.4"
| #define PACKAGE_BUGREPORT "png-mng-implement@lists.sourceforge.net"
| #define PACKAGE_URL ""
| #define PACKAGE "libpng"
| #define VERSION "1.4.4"
| /* end confdefs.h.  */
| #include <ac_nonexistent.h>
configure:4471: checking for sed
configure:4498: result: /usr/bin/sed
configure:4521: checking whether ln -s works
configure:4525: result: yes
configure:4532: checking whether make sets $(MAKE)
configure:4554: result: yes
configure:4605: checking for BSD- or MS-compatible name lister (nm)
configure:4654: result: /usr/bin/nm -B
configure:4784: checking the name lister (/usr/bin/nm -B) interface
configure:4791: gcc -c -I/home/gempak/GEMPAK7/os/linux64/include  conftest.c >&5
configure:4794: /usr/bin/nm -B "conftest.o"
configure:4797: output
0000000000000000 B some_variable
configure:4804: result: BSD nm
configure:4808: checking the maximum length of command line arguments
configure:4933: result: 1572864
configure:4950: checking whether the shell understands some XSI constructs
configure:4960: result: yes
configure:4964: checking whether the shell understands "+="
configure:4970: result: yes
configure:5005: checking for /usr/bin/ld option to reload object files
configure:5012: result: -r
configure:5081: checking for objdump
configure:5097: found /usr/bin/objdump
configure:5108: result: objdump
configure:5137: checking how to recognize dependent libraries
configure:5339: result: pass_all
configure:5399: checking for ar
configure:5415: found /usr/bin/ar
configure:5426: result: ar
configure:5504: checking for strip
configure:5520: found /usr/bin/strip
configure:5531: result: strip
configure:5603: checking for ranlib
configure:5619: found /usr/bin/ranlib
configure:5630: result: ranlib
configure:5732: checking command to parse /usr/bin/nm -B output from gcc object
configure:5850: gcc -c -I/home/gempak/GEMPAK7/os/linux64/include  conftest.c >&5
configure:5853: $? = 0
configure:5857: /usr/bin/nm -B conftest.o \| sed -n -e 's/^.*[ ]\([ABCDGIRSTW][ABCDGIRSTW]*\)[ ][ ]*\([_A-Za-z][_A-Za-z0-9]*\)$/\1 \2 \2/p' \> conftest.nm
configure:5860: $? = 0
configure:5914: gcc -o conftest -I/home/gempak/GEMPAK7/os/linux64/include   conftest.c conftstm.o >&5
configure:5917: $? = 0
configure:5955: result: ok
configure:6051: gcc -c -I/home/gempak/GEMPAK7/os/linux64/include  conftest.c >&5
configure:6054: $? = 0
configure:6792: checking for ANSI C header files
configure:6812: gcc -c -I/home/gempak/GEMPAK7/os/linux64/include  conftest.c >&5
configure:6812: $? = 0
configure:6885: gcc -o conftest -I/home/gempak/GEMPAK7/os/linux64/include   conftest.c  >&5
configure:6885: $? = 0
configure:6885: ./conftest
configure:6885: $? = 0
configure:6896: result: yes
configure:6909: checking for sys/types.h
configure:6909: gcc -c -I/home/gempak/GEMPAK7/os/linux64/include  conftest.c >&5
configure:6909: $? = 0
configure:6909: result: yes
configure:6909: checking for sys/stat.h
configure:6909: gcc -c -I/home/gempak/GEMPAK7/os/linux64/include  conftest.c >&5
configure:6909: $? = 0
configure:6909: result: yes
configure:6909: checking for stdlib.h
configure:6909: gcc -c -I/home/gempak/GEMPAK7/os/linux64/include  conftest.c >&5
configure:6909: $? = 0
configure:6909: result: yes
configure:6909: checking for string.h
configure:6909: gcc -c -I/home/gempak/GEMPAK7/os/linux64/include  conftest.c >&5
configure:6909: $? = 0
configure:6909: result: yes
configure:6909: checking for memory.h
configure:6909: gcc -c -I/home/gempak/GEMPAK7/os/linux64/include  conftest.c >&5
configure:6909: $? = 0
configure:6909: result: yes
configure:6909: checking for strings.h
configure:6909: gcc -c -I/home/gempak/GEMPAK7/os/linux64/include  conftest.c >&5
configure:6909: $? = 0
configure:6909: result: yes
configure:6909: checking for inttypes.h
configure:6909: gcc -c -I/home/gempak/GEMPAK7/os/linux64/include  conftest.c >&5
configure:6909: $? = 0
configure:6909: result: yes
configure:6909: checking for stdint.h
configure:6909: gcc -c -I/home/gempak/GEMPAK7/os/linux64/include  conftest.c >&5
configure:6909: $? = 0
configure:6909: result: yes
configure:6909: checking for unistd.h
configure:6909: gcc -c -I/home/gempak/GEMPAK7/os/linux64/include  conftest.c >&5
configure:6909: $? = 0
configure:6909: result: yes
configure:6924: checking for dlfcn.h
configure:6924: gcc -c -I/home/gempak/GEMPAK7/os/linux64/include  conftest.c >&5
configure:6924: $? = 0
configure:6924: result: yes
configure:7409: checking for objdir
configure:7424: result: .libs
configure:7691: checking if gcc supports -fno-rtti -fno-exceptions
configure:7709: gcc -c -I/home/gempak/GEMPAK7/os/linux64/include  -fno-rtti -fno-exceptions conftest.c >&5
cc1: warning: command line option '-fno-rtti' is valid for C++/ObjC++ but not for C [enabled by default]
configure:7713: $? = 0
configure:7726: result: no
configure:7746: checking for gcc option to produce PIC
configure:8031: result: -fPIC -DPIC
configure:8043: checking if gcc PIC flag -fPIC -DPIC works
configure:8061: gcc -c -I/home/gempak/GEMPAK7/os/linux64/include  -fPIC -DPIC -DPIC conftest.c >&5
configure:8065: $? = 0
configure:8078: result: yes
configure:8102: checking if gcc static flag -static works
configure:8130: result: no
configure:8145: checking if gcc supports -c -o file.o
configure:8166: gcc -c -I/home/gempak/GEMPAK7/os/linux64/include  -o out/conftest2.o conftest.c >&5
configure:8170: $? = 0
configure:8192: result: yes
configure:8200: checking if gcc supports -c -o file.o
configure:8247: result: yes
configure:8280: checking whether the gcc linker (/usr/bin/ld -m elf_x86_64) supports shared libraries
configure:9355: result: yes
configure:9600: checking dynamic linker characteristics
configure:10055: gcc -o conftest -I/home/gempak/GEMPAK7/os/linux64/include   -Wl,-rpath -Wl,/foo conftest.c  >&5
configure:10055: $? = 0
configure:10277: result: GNU/Linux ld.so
configure:10384: checking how to hardcode library paths into programs
configure:10409: result: immediate
configure:10949: checking whether stripping libraries is possible
configure:10954: result: yes
configure:10989: checking if libtool supports shared libraries
configure:10991: result: yes
configure:10994: checking whether to build shared libraries
configure:11015: result: no
configure:11018: checking whether to build static libraries
configure:11022: result: yes
configure:11059: checking for ANSI C header files
configure:11163: result: yes
configure:11174: checking malloc.h usability
configure:11174: gcc -c -I/home/gempak/GEMPAK7/os/linux64/include  conftest.c >&5
configure:11174: $? = 0
configure:11174: result: yes
configure:11174: checking malloc.h presence
configure:11174: gcc -E  conftest.c
configure:11174: $? = 0
configure:11174: result: yes
configure:11174: checking for malloc.h
configure:11174: result: yes
configure:11174: checking for stdlib.h
configure:11174: result: yes
configure:11174: checking for string.h
configure:11174: result: yes
configure:11174: checking for strings.h
configure:11174: result: yes
configure:11187: checking for an ANSI C-conforming const
configure:11252: gcc -c -I/home/gempak/GEMPAK7/os/linux64/include  conftest.c >&5
configure:11252: $? = 0
configure:11259: result: yes
configure:11267: checking for size_t
configure:11267: gcc -c -I/home/gempak/GEMPAK7/os/linux64/include  conftest.c >&5
configure:11267: $? = 0
configure:11267: gcc -c -I/home/gempak/GEMPAK7/os/linux64/include  conftest.c >&5
conftest.c: In function 'main':
conftest.c:64:21: error: expected expression before ')' token
 if (sizeof ((size_t)))
                     ^
configure:11267: $? = 1
configure: failed program was:
| /* confdefs.h */
| #define PACKAGE_NAME "libpng"
| #define PACKAGE_TARNAME "libpng"
| #define PACKAGE_VERSION "1.4.4"
| #define PACKAGE_STRING "libpng 1.4.4"
| #define PACKAGE_BUGREPORT "png-mng-implement@lists.sourceforge.net"
| #define PACKAGE_URL ""
| #define PACKAGE "libpng"
| #define VERSION "1.4.4"
| #define STDC_HEADERS 1
| #define HAVE_SYS_TYPES_H 1
| #define HAVE_SYS_STAT_H 1
| #define HAVE_STDLIB_H 1
| #define HAVE_STRING_H 1
| #define HAVE_MEMORY_H 1
| #define HAVE_STRINGS_H 1
| #define HAVE_INTTYPES_H 1
| #define HAVE_STDINT_H 1
| #define HAVE_UNISTD_H 1
| #define HAVE_DLFCN_H 1
| #define LT_OBJDIR ".libs/"
| #define STDC_HEADERS 1
| #define HAVE_MALLOC_H 1
| #define HAVE_STDLIB_H 1
| #define HAVE_STRING_H 1
| #define HAVE_STRINGS_H 1
| /* end confdefs.h.  */
| #include <stdio.h>
| #ifdef HAVE_SYS_TYPES_H
| # include <sys/types.h>
| #endif
| #ifdef HAVE_SYS_STAT_H
| # include <sys/stat.h>
| #endif
| #ifdef STDC_HEADERS
| # include <stdlib.h>
| # include <stddef.h>
| #else
| # ifdef HAVE_STDLIB_H
| #  include <stdlib.h>
| # endif
| #endif
| #ifdef HAVE_STRING_H
| # if !defined STDC_HEADERS && defined HAVE_MEMORY_H
| #  include <memory.h>
| # endif
| # include <string.h>
| #endif
| #ifdef HAVE_STRINGS_H
| # include <strings.h>
| #endif
| #ifdef HAVE_INTTYPES_H
| # include <inttypes.h>
| #endif
| #ifdef HAVE_STDINT_H
| # include <stdint.h>
| #endif
| #ifdef HAVE_UNISTD_H
| # include <unistd.h>
| #endif
| int
| main ()
| {
| if (sizeof ((size_t)))
| 	    return 0;
|   ;
|   return 0;
| }
configure:11267: result: yes
configure:11278: checking whether struct tm is in sys/time.h or time.h
configure:11298: gcc -c -I/home/gempak/GEMPAK7/os/linux64/include  conftest.c >&5
configure:11298: $? = 0
configure:11305: result: time.h
configure:11315: checking for working strtod
configure:11356: gcc -o conftest -I/home/gempak/GEMPAK7/os/linux64/include   conftest.c  >&5
configure:11356: $? = 0
configure:11356: ./conftest
configure:11356: $? = 0
configure:11366: result: yes
configure:11430: checking for memset
configure:11430: gcc -o conftest -I/home/gempak/GEMPAK7/os/linux64/include   conftest.c  >&5
conftest.c:51:6: warning: conflicting types for built-in function 'memset' [enabled by default]
 char memset ();
      ^
configure:11430: $? = 0
configure:11430: result: yes
configure:11443: checking for pow
configure:11443: gcc -o conftest -I/home/gempak/GEMPAK7/os/linux64/include   conftest.c  >&5
conftest.c:52:6: warning: conflicting types for built-in function 'pow' [enabled by default]
 char pow ();
      ^
/tmp/ccEDsTfa.o: In function `main':
conftest.c:(.text+0xa): undefined reference to `pow'
collect2: error: ld returned 1 exit status
configure:11443: $? = 1
configure: failed program was:
| /* confdefs.h */
| #define PACKAGE_NAME "libpng"
| #define PACKAGE_TARNAME "libpng"
| #define PACKAGE_VERSION "1.4.4"
| #define PACKAGE_STRING "libpng 1.4.4"
| #define PACKAGE_BUGREPORT "png-mng-implement@lists.sourceforge.net"
| #define PACKAGE_URL ""
| #define PACKAGE "libpng"
| #define VERSION "1.4.4"
| #define STDC_HEADERS 1
| #define HAVE_SYS_TYPES_H 1
| #define HAVE_SYS_STAT_H 1
| #define HAVE_STDLIB_H 1
| #define HAVE_STRING_H 1
| #define HAVE_MEMORY_H 1
| #define HAVE_STRINGS_H 1
| #define HAVE_INTTYPES_H 1
| #define HAVE_STDINT_H 1
| #define HAVE_UNISTD_H 1
| #define HAVE_DLFCN_H 1
| #define LT_OBJDIR ".libs/"
| #define STDC_HEADERS 1
| #define HAVE_MALLOC_H 1
| #define HAVE_STDLIB_H 1
| #define HAVE_STRING_H 1
| #define HAVE_STRINGS_H 1
| #define HAVE_MEMSET 1
| /* end confdefs.h.  */
| /* Define pow to an innocuous variant, in case <limits.h> declares pow.
|    For example, HP-UX 11i <limits.h> declares gettimeofday.  */
| #define pow innocuous_pow
| 
| /* System header to define __stub macros and hopefully few prototypes,
|     which can conflict with char pow (); below.
|     Prefer <limits.h> to <assert.h> if __STDC__ is defined, since
|     <limits.h> exists even on freestanding compilers.  */
| 
| #ifdef __STDC__
| # include <limits.h>
| #else
| # include <assert.h>
| #endif
| 
| #undef pow
| 
| /* Override any GCC internal prototype to avoid an error.
|    Use char because int might match the return type of a GCC
|    builtin and then its argument prototype would still apply.  */
| #ifdef __cplusplus
| extern "C"
| #endif
| char pow ();
| /* The GNU C library defines this for functions which it implements
|     to always fail with ENOSYS.  Some functions are actually named
|     something starting with __ and the normal name is an alias.  */
| #if defined __stub_pow || defined __stub___pow
| choke me
| #endif
| 
| int
| main ()
| {
| return pow ();
|   ;
|   return 0;
| }
configure:11443: result: no
configure:11450: checking for pow in -lm
configure:11475: gcc -o conftest -I/home/gempak/GEMPAK7/os/linux64/include   conftest.c -lm   >&5
conftest.c:36:6: warning: conflicting types for built-in function 'pow' [enabled by default]
 char pow ();
      ^
configure:11475: $? = 0
configure:11484: result: yes
configure:11500: checking for zlibVersion in -lz
configure:11525: gcc -o conftest -I/home/gempak/GEMPAK7/os/linux64/include   conftest.c -lz  -lm  >&5
configure:11525: $? = 0
configure:11534: result: yes
configure:11557: checking if libraries can be versioned
configure:11572: result: yes
configure:11594: checking for symbol prefix
configure:11601: result: 
configure:11623: pkgconfig directory is ${libdir}/pkgconfig
configure:11775: creating ./config.status

## ---------------------- ##
## Running config.status. ##
## ---------------------- ##

This file was extended by libpng config.status 1.4.4, which was
generated by GNU Autoconf 2.65.  Invocation command line was

  CONFIG_FILES    = 
  CONFIG_HEADERS  = 
  CONFIG_LINKS    = 
  CONFIG_COMMANDS = 
  $ ./config.status 

on atlas.niu.edu

config.status:1093: creating Makefile
config.status:1093: creating libpng.pc
config.status:1093: creating libpng-config
config.status:1093: creating config.h
config.status:1313: executing depfiles commands
config.status:1313: executing libtool commands

## ---------------- ##
## Cache variables. ##
## ---------------- ##

ac_cv_build=x86_64-unknown-linux-gnu
ac_cv_c_compiler_gnu=yes
ac_cv_c_const=yes
ac_cv_env_CC_set=set
ac_cv_env_CC_value=gcc
ac_cv_env_CFLAGS_set=set
ac_cv_env_CFLAGS_value=-I/home/gempak/GEMPAK7/os/linux64/include
ac_cv_env_CPPFLAGS_set=
ac_cv_env_CPPFLAGS_value=
ac_cv_env_CPP_set=
ac_cv_env_CPP_value=
ac_cv_env_LDFLAGS_set=
ac_cv_env_LDFLAGS_value=
ac_cv_env_LIBS_set=
ac_cv_env_LIBS_value=
ac_cv_env_build_alias_set=
ac_cv_env_build_alias_value=
ac_cv_env_host_alias_set=
ac_cv_env_host_alias_value=
ac_cv_env_target_alias_set=
ac_cv_env_target_alias_value=
ac_cv_func_memset=yes
ac_cv_func_pow=no
ac_cv_func_strtod=yes
ac_cv_header_dlfcn_h=yes
ac_cv_header_inttypes_h=yes
ac_cv_header_malloc_h=yes
ac_cv_header_memory_h=yes
ac_cv_header_stdc=yes
ac_cv_header_stdint_h=yes
ac_cv_header_stdlib_h=yes
ac_cv_header_string_h=yes
ac_cv_header_strings_h=yes
ac_cv_header_sys_stat_h=yes
ac_cv_header_sys_types_h=yes
ac_cv_header_unistd_h=yes
ac_cv_host=x86_64-unknown-linux-gnu
ac_cv_lib_m_pow=yes
ac_cv_lib_z_zlibVersion=yes
ac_cv_objext=o
ac_cv_path_EGREP='/usr/bin/grep -E'
ac_cv_path_FGREP='/usr/bin/grep -F'
ac_cv_path_GREP=/usr/bin/grep
ac_cv_path_SED=/usr/bin/sed
ac_cv_path_install='/usr/bin/install -c'
ac_cv_path_mkdir=/usr/bin/mkdir
ac_cv_prog_AWK=gawk
ac_cv_prog_CPP='gcc -E'
ac_cv_prog_ac_ct_AR=ar
ac_cv_prog_ac_ct_CC=gcc
ac_cv_prog_ac_ct_OBJDUMP=objdump
ac_cv_prog_ac_ct_RANLIB=ranlib
ac_cv_prog_ac_ct_SED=/usr/bin/sed
ac_cv_prog_ac_ct_STRIP=strip
ac_cv_prog_cc_c89=
ac_cv_prog_cc_g=yes
ac_cv_prog_make_make_set=yes
ac_cv_struct_tm=time.h
ac_cv_type_size_t=yes
am_cv_CC_dependencies_compiler_type=gcc3
lt_cv_deplibs_check_method=pass_all
lt_cv_file_magic_cmd='$MAGIC_CMD'
lt_cv_file_magic_test_file=
lt_cv_ld_reload_flag=-r
lt_cv_nm_interface='BSD nm'
lt_cv_objdir=.libs
lt_cv_path_LD=/usr/bin/ld
lt_cv_path_NM='/usr/bin/nm -B'
lt_cv_prog_compiler_c_o=yes
lt_cv_prog_compiler_pic_works=yes
lt_cv_prog_compiler_rtti_exceptions=no
lt_cv_prog_compiler_static_works=no
lt_cv_prog_gnu_ld=yes
lt_cv_shlibpath_overrides_runpath=no
lt_cv_sys_global_symbol_pipe='sed -n -e '\''s/^.*[	 ]\([ABCDGIRSTW][ABCDGIRSTW]*\)[	 ][	 ]*\([_A-Za-z][_A-Za-z0-9]*\)$/\1 \2 \2/p'\'''
lt_cv_sys_global_symbol_to_c_name_address='sed -n -e '\''s/^: \([^ ]*\) $/  {\"\1\", (void *) 0},/p'\'' -e '\''s/^[ABCDGIRSTW]* \([^ ]*\) \([^ ]*\)$/  {"\2", (void *) \&\2},/p'\'''
lt_cv_sys_global_symbol_to_c_name_address_lib_prefix='sed -n -e '\''s/^: \([^ ]*\) $/  {\"\1\", (void *) 0},/p'\'' -e '\''s/^[ABCDGIRSTW]* \([^ ]*\) \(lib[^ ]*\)$/  {"\2", (void *) \&\2},/p'\'' -e '\''s/^[ABCDGIRSTW]* \([^ ]*\) \([^ ]*\)$/  {"lib\2", (void *) \&\2},/p'\'''
lt_cv_sys_global_symbol_to_cdecl='sed -n -e '\''s/^T .* \(.*\)$/extern int \1();/p'\'' -e '\''s/^[ABCDGIRSTW]* .* \(.*\)$/extern char \1;/p'\'''
lt_cv_sys_max_cmd_len=1572864

## ----------------- ##
## Output variables. ##
## ----------------- ##

ACLOCAL='${SHELL} /home/gempak/GEMPAK7/extlibs/PNG/libpng/missing --run aclocal-1.11'
AMDEPBACKSLASH='\'
AMDEP_FALSE='#'
AMDEP_TRUE=''
AMTAR='${SHELL} /home/gempak/GEMPAK7/extlibs/PNG/libpng/missing --run tar'
AR='ar'
AS='as'
AUTOCONF='${SHELL} /home/gempak/GEMPAK7/extlibs/PNG/libpng/missing --run autoconf'
AUTOHEADER='${SHELL} /home/gempak/GEMPAK7/extlibs/PNG/libpng/missing --run autoheader'
AUTOMAKE='${SHELL} /home/gempak/GEMPAK7/extlibs/PNG/libpng/missing --run automake-1.11'
AWK='gawk'
CC='gcc'
CCDEPMODE='depmode=gcc3'
CFLAGS='-I/home/gempak/GEMPAK7/os/linux64/include'
CPP='gcc -E'
CPPFLAGS=''
CYGPATH_W='echo'
DEFS='-DHAVE_CONFIG_H'
DEPDIR='.deps'
DLLTOOL='dlltool'
DSYMUTIL=''
DUMPBIN=''
ECHO_C=''
ECHO_N='-n'
ECHO_T=''
EGREP='/usr/bin/grep -E'
EXEEXT=''
FGREP='/usr/bin/grep -F'
GREP='/usr/bin/grep'
HAVE_LD_VERSION_SCRIPT_FALSE='#'
HAVE_LD_VERSION_SCRIPT_TRUE=''
INSTALL_DATA='${INSTALL} -m 644'
INSTALL_PROGRAM='${INSTALL}'
INSTALL_SCRIPT='${INSTALL}'
INSTALL_STRIP_PROGRAM='$(install_sh) -c -s'
LD='/usr/bin/ld -m elf_x86_64'
LDFLAGS=''
LIBOBJS=''
LIBPNG_DEFINES='-DPNG_CONFIGURE_LIBPNG'
LIBS='-lz -lm '
LIBTOOL='$(SHELL) $(top_builddir)/libtool'
LIPO=''
LN_S='ln -s'
LTLIBOBJS=''
MAINT='#'
MAINTAINER_MODE_FALSE=''
MAINTAINER_MODE_TRUE='#'
MAKEINFO='${SHELL} /home/gempak/GEMPAK7/extlibs/PNG/libpng/missing --run makeinfo'
MKDIR_P='/usr/bin/mkdir -p'
NM='/usr/bin/nm -B'
NMEDIT=''
OBJDUMP='objdump'
OBJEXT='o'
OTOOL64=''
OTOOL=''
PACKAGE='libpng'
PACKAGE_BUGREPORT='png-mng-implement@lists.sourceforge.net'
PACKAGE_NAME='libpng'
PACKAGE_STRING='libpng 1.4.4'
PACKAGE_TARNAME='libpng'
PACKAGE_URL=''
PACKAGE_VERSION='1.4.4'
PATH_SEPARATOR=':'
PNGLIB_MAJOR='1'
PNGLIB_MINOR='4'
PNGLIB_RELEASE='4'
PNGLIB_VERSION='1.4.4'
POW_LIB=''
RANLIB='ranlib'
SED='/usr/bin/sed'
SET_MAKE=''
SHELL='/bin/sh'
STRIP='strip'
SYMBOL_PREFIX=''
VERSION='1.4.4'
ac_ct_CC='gcc'
ac_ct_DUMPBIN=''
am__EXEEXT_FALSE=''
am__EXEEXT_TRUE='#'
am__fastdepCC_FALSE='#'
am__fastdepCC_TRUE=''
am__include='include'
am__isrc=''
am__leading_dot='.'
am__quote=''
am__tar='${AMTAR} chof - "$$tardir"'
am__untar='${AMTAR} xf -'
binconfigs='${binconfigs}'
bindir='${exec_prefix}/bin'
build='x86_64-unknown-linux-gnu'
build_alias=''
build_cpu='x86_64'
build_os='linux-gnu'
build_vendor='unknown'
datadir='${datarootdir}'
datarootdir='${prefix}/share'
docdir='${datarootdir}/doc/${PACKAGE_TARNAME}'
dvidir='${docdir}'
exec_prefix='${prefix}'
host='x86_64-unknown-linux-gnu'
host_alias=''
host_cpu='x86_64'
host_os='linux-gnu'
host_vendor='unknown'
htmldir='${docdir}'
includedir='${prefix}/include'
infodir='${datarootdir}/info'
install_sh='${SHELL} /home/gempak/GEMPAK7/extlibs/PNG/libpng/install-sh'
libdir='${exec_prefix}/lib'
libexecdir='${exec_prefix}/libexec'
localedir='${datarootdir}/locale'
localstatedir='${prefix}/var'
mandir='${datarootdir}/man'
mkdir_p='/usr/bin/mkdir -p'
oldincludedir='/usr/include'
pdfdir='${docdir}'
pkgconfigdir='${libdir}/pkgconfig'
prefix='/home/gempak/GEMPAK7/os/linux64'
program_transform_name='s,x,x,'
psdir='${docdir}'
sbindir='${exec_prefix}/sbin'
sharedstatedir='${prefix}/com'
sysconfdir='${prefix}/etc'
target_alias=''

## ----------- ##
## confdefs.h. ##
## ----------- ##

/* confdefs.h */
#define PACKAGE_NAME "libpng"
#define PACKAGE_TARNAME "libpng"
#define PACKAGE_VERSION "1.4.4"
#define PACKAGE_STRING "libpng 1.4.4"
#define PACKAGE_BUGREPORT "png-mng-implement@lists.sourceforge.net"
#define PACKAGE_URL ""
#define PACKAGE "libpng"
#define VERSION "1.4.4"
#define STDC_HEADERS 1
#define HAVE_SYS_TYPES_H 1
#define HAVE_SYS_STAT_H 1
#define HAVE_STDLIB_H 1
#define HAVE_STRING_H 1
#define HAVE_MEMORY_H 1
#define HAVE_STRINGS_H 1
#define HAVE_INTTYPES_H 1
#define HAVE_STDINT_H 1
#define HAVE_UNISTD_H 1
#define HAVE_DLFCN_H 1
#define LT_OBJDIR ".libs/"
#define STDC_HEADERS 1
#define HAVE_MALLOC_H 1
#define HAVE_STDLIB_H 1
#define HAVE_STRING_H 1
#define HAVE_STRINGS_H 1
#define HAVE_MEMSET 1
#define HAVE_LIBM 1
#define HAVE_LIBZ 1

configure: exit 0
